This file contains any messages produced by compilers while
running configure, to aid debugging if configure makes a mistake.

It was created by configure, which was
generated by GNU Autoconf 2.61.  Invocation command line was

  $ ./configure --prefix /home/droc/GNPAnnot/EGN_Tc100609/eugene

## --------- ##
## Platform. ##
## --------- ##

hostname = marmadais
uname -m = x86_64
uname -r = 2.6.18-164.el5
uname -s = Linux
uname -v = #1 SMP Tue Aug 18 15:51:48 EDT 2009

/usr/bin/uname -p = unknown
/bin/uname -X     = unknown

/bin/arch              = x86_64
/usr/bin/arch -k       = unknown
/usr/convex/getsysinfo = unknown
/usr/bin/hostinfo      = unknown
/bin/machine           = unknown
/usr/bin/oslevel       = unknown
/bin/universe          = unknown

PATH: /SGE/n1ge62/bin/lx24-amd64
PATH: /usr/lib64/qt-3.3/bin
PATH: /usr/kerberos/bin
PATH: /usr/local/bin
PATH: /bin
PATH: /usr/bin
PATH: /usr/local/bioinfo
PATH: /usr/local/bioinfo/bin
PATH: /usr/local/bioinfo/al2co
PATH: /usr/local/bioinfo/blast/bin
PATH: /usr/local/bioinfo/blast+/bin
PATH: /usr/local/bioinfo/bowtie
PATH: /usr/local/bioinfo/CAP3
PATH: /usr/local/bioinfo/carthagene
PATH: /usr/local/bioinfo/cdhit
PATH: /usr/local/bioinfo/censor/bin
PATH: /usr/local/bioinfo/clustalw
PATH: /usr/local/bioinfo/cross_match
PATH: /usr/local/bioinfo/dssp
PATH: /usr/local/bioinfo/EIG3.0/bin
PATH: /usr/local/bioinfo/EMBOSS/bin
PATH: /usr/local/bioinfo/eugene-3.2/bin
PATH: /usr/local/bioinfo/eugene-3.5g/bin
PATH: /usr/local/bioinfo/exonerate/bin
PATH: /usr/local/bioinfo/FINDMite
PATH: /usr/local/bioinfo/GERP
PATH: /usr/local/bioinfo/GTH/bin
PATH: /usr/local/bioinfo/hmmer/bin
PATH: /usr/local/bioinfo/hcluster_sg
PATH: /usr/local/bioinfo/ImageMagick/bin
PATH: /usr/local/bioinfo/JimKent
PATH: /usr/local/bioinfo/LTR_BMC
PATH: /usr/local/bioinfo/LTR_FINDER
PATH: /usr/local/bioinfo/LTRharvest/bin
PATH: /usr/local/bioinfo/mafft/bin
PATH: /usr/local/bioinfo/mcl/bin
PATH: /usr/local/bioinfo/meme/bin
PATH: /usr/local/bioinfo/mfold_util/bin
PATH: /usr/local/bioinfo/mira/bin
PATH: /usr/local/bioinfo/modeller9v7/bin
PATH: /usr/local/bioinfo/mreps
PATH: /usr/local/bioinfo/MultiProtInstall
PATH: /usr/local/bioinfo/multalin
PATH: /usr/local/bioinfo/muscle
PATH: /usr/local/bioinfo/paircoil2
PATH: /usr/local/bioinfo/PHYML
PATH: /usr/local/bioinfo/pals
PATH: /usr/local/bioinfo/paml/bin
PATH: /usr/local/bioinfo/piler
PATH: /usr/local/bioinfo/primer3
PATH: /usr/local/bioinfo/psipred30
PATH: /usr/local/bioinfo/Prokov/bin
PATH: /usr/local/bioinfo/qmean/bin
PATH: /usr/local/bioinfo/quicktree
PATH: /usr/local/bioinfo/R/bin
PATH: /usr/local/bioinfo/RepeatMasker
PATH: /usr/local/bioinfo/recon/bin
PATH: /usr/local/bioinfo/RepSeek/bin
PATH: /usr/local/bioinfo/REPET/bin
PATH: /usr/local/bioinfo/semphy
PATH: /usr/local/bioinfo/SpliceMachine/bin
PATH: /usr/local/bioinfo/sspro4/bin
PATH: /usr/local/bioinfo/structure
PATH: /usr/local/bioinfo/TRF
PATH: /usr/local/bioinfo/tgicl
PATH: /usr/local/bioinfo/treebest
PATH: /usr/local/bioinfo/tRNAscan-SE/bin
PATH: /usr/local/bioinfo/unafold/bin
PATH: /usr/local/bioinfo/ViennaRNA/bin
PATH: /usr/local/bioinfo/wublast
PATH: /usr/local/bioinfo/xslt/bin
PATH: /home/droc/bin
PATH: /opt/IBM_DS/jre/bin


## ----------- ##
## Core tests. ##
## ----------- ##

configure:1776: checking for a BSD-compatible install
configure:1832: result: /usr/bin/install -c
configure:1843: checking whether build environment is sane
configure:1886: result: yes
configure:1910: WARNING: `missing' script is too old or missing
configure:1951: checking for gawk
configure:1967: found /bin/gawk
configure:1978: result: gawk
configure:1989: checking whether make sets $(MAKE)
configure:2010: result: yes
configure:2254: checking for g++
configure:2270: found /usr/bin/g++
configure:2281: result: g++
configure:2312: checking for C++ compiler version
configure:2319: g++ --version >&5
g++ (GCC) 4.1.2 20080704 (Red Hat 4.1.2-46)
Copyright (C) 2006 Free Software Foundation, Inc.
This is free software; see the source for copying conditions.  There is NO
warranty; not even for MERCHANTABILITY or FITNESS FOR A PARTICULAR PURPOSE.

configure:2322: $? = 0
configure:2329: g++ -v >&5
Using built-in specs.
Target: x86_64-redhat-linux
Configured with: ../configure --prefix=/usr --mandir=/usr/share/man --infodir=/usr/share/info --enable-shared --enable-threads=posix --enable-checking=release --with-system-zlib --enable-__cxa_atexit --disable-libunwind-exceptions --enable-libgcj-multifile --enable-languages=c,c++,objc,obj-c++,java,fortran,ada --enable-java-awt=gtk --disable-dssi --enable-plugin --with-java-home=/usr/lib/jvm/java-1.4.2-gcj-1.4.2.0/jre --with-cpu=generic --host=x86_64-redhat-linux
Thread model: posix
gcc version 4.1.2 20080704 (Red Hat 4.1.2-46)
configure:2332: $? = 0
configure:2339: g++ -V >&5
g++: '-V' option must have argument
configure:2342: $? = 1
configure:2365: checking for C++ compiler default output file name
configure:2392: g++    conftest.cpp  >&5
configure:2395: $? = 0
configure:2433: result: a.out
configure:2450: checking whether the C++ compiler works
configure:2460: ./a.out
configure:2463: $? = 0
configure:2480: result: yes
configure:2487: checking whether we are cross compiling
configure:2489: result: no
configure:2492: checking for suffix of executables
configure:2499: g++ -o conftest    conftest.cpp  >&5
configure:2502: $? = 0
configure:2526: result: 
configure:2532: checking for suffix of object files
configure:2558: g++ -c   conftest.cpp >&5
configure:2561: $? = 0
configure:2584: result: o
configure:2588: checking whether we are using the GNU C++ compiler
configure:2617: g++ -c   conftest.cpp >&5
configure:2623: $? = 0
configure:2640: result: yes
configure:2645: checking whether g++ accepts -g
configure:2675: g++ -c -g  conftest.cpp >&5
configure:2681: $? = 0
configure:2780: result: yes
configure:2814: checking for style of include used by make
configure:2842: result: GNU
configure:2870: checking dependency style of g++
configure:2960: result: gcc3
configure:3025: checking for gcc
configure:3041: found /usr/bin/gcc
configure:3052: result: gcc
configure:3290: checking for C compiler version
configure:3297: gcc --version >&5
gcc (GCC) 4.1.2 20080704 (Red Hat 4.1.2-46)
Copyright (C) 2006 Free Software Foundation, Inc.
This is free software; see the source for copying conditions.  There is NO
warranty; not even for MERCHANTABILITY or FITNESS FOR A PARTICULAR PURPOSE.

configure:3300: $? = 0
configure:3307: gcc -v >&5
Using built-in specs.
Target: x86_64-redhat-linux
Configured with: ../configure --prefix=/usr --mandir=/usr/share/man --infodir=/usr/share/info --enable-shared --enable-threads=posix --enable-checking=release --with-system-zlib --enable-__cxa_atexit --disable-libunwind-exceptions --enable-libgcj-multifile --enable-languages=c,c++,objc,obj-c++,java,fortran,ada --enable-java-awt=gtk --disable-dssi --enable-plugin --with-java-home=/usr/lib/jvm/java-1.4.2-gcj-1.4.2.0/jre --with-cpu=generic --host=x86_64-redhat-linux
Thread model: posix
gcc version 4.1.2 20080704 (Red Hat 4.1.2-46)
configure:3310: $? = 0
configure:3317: gcc -V >&5
gcc: '-V' option must have argument
configure:3320: $? = 1
configure:3323: checking whether we are using the GNU C compiler
configure:3352: gcc -c   conftest.c >&5
configure:3358: $? = 0
configure:3375: result: yes
configure:3380: checking whether gcc accepts -g
configure:3410: gcc -c -g  conftest.c >&5
configure:3416: $? = 0
configure:3515: result: yes
configure:3532: checking for gcc option to accept ISO C89
configure:3606: gcc  -c -g -O2  conftest.c >&5
configure:3612: $? = 0
configure:3635: result: none needed
configure:3655: checking dependency style of gcc
configure:3745: result: gcc3
configure:3766: checking for gawk
configure:3793: result: gawk
configure:3804: checking whether ln -s works
configure:3808: result: yes
configure:3858: checking for ranlib
configure:3874: found /usr/bin/ranlib
configure:3885: result: ranlib
configure:3916: checking for main in -lc
configure:3945: gcc -o conftest -g -O2   conftest.c -lc   >&5
configure:3951: $? = 0
configure:3969: result: yes
configure:3986: checking for main in -ldl
configure:4015: gcc -o conftest -g -O2   conftest.c -ldl  -lc  >&5
configure:4021: $? = 0
configure:4039: result: yes
configure:4056: checking for main in -lgcc
configure:4085: gcc -o conftest -g -O2   conftest.c -lgcc  -ldl -lc  >&5
configure:4091: $? = 0
configure:4109: result: yes
configure:4126: checking for main in -lgd
configure:4155: gcc -o conftest -g -O2   conftest.c -lgd  -lgcc -ldl -lc  >&5
configure:4161: $? = 0
configure:4179: result: yes
configure:4197: checking for main in -lm
configure:4226: gcc -o conftest -g -O2   conftest.c -lm  -lgd -lgcc -ldl -lc  >&5
configure:4232: $? = 0
configure:4250: result: yes
configure:4267: checking for main in -lpng
configure:4296: gcc -o conftest -g -O2   conftest.c -lpng  -lm -lgd -lgcc -ldl -lc  >&5
configure:4302: $? = 0
configure:4320: result: yes
configure:4337: checking for main in -lz
configure:4366: gcc -o conftest -g -O2   conftest.c -lz  -lpng -lm -lgd -lgcc -ldl -lc  >&5
configure:4372: $? = 0
configure:4390: result: yes
configure:4413: checking how to run the C preprocessor
configure:4453: gcc -E  conftest.c
configure:4459: $? = 0
configure:4490: gcc -E  conftest.c
conftest.c:17:28: error: ac_nonexistent.h: No such file or directory
configure:4496: $? = 1
configure: failed program was:
| /* confdefs.h.  */
| #define PACKAGE_NAME ""
| #define PACKAGE_TARNAME ""
| #define PACKAGE_VERSION ""
| #define PACKAGE_STRING ""
| #define PACKAGE_BUGREPORT ""
| #define PACKAGE "eugene"
| #define VERSION "3.6a"
| #define HAVE_LIBC 1
| #define HAVE_LIBDL 1
| #define HAVE_LIBGCC 1
| #define HAVE_LIBGD 1
| #define HAVE_LIBM 1
| #define HAVE_LIBPNG 1
| #define HAVE_LIBZ 1
| /* end confdefs.h.  */
| #include <ac_nonexistent.h>
configure:4529: result: gcc -E
configure:4558: gcc -E  conftest.c
configure:4564: $? = 0
configure:4595: gcc -E  conftest.c
conftest.c:17:28: error: ac_nonexistent.h: No such file or directory
configure:4601: $? = 1
configure: failed program was:
| /* confdefs.h.  */
| #define PACKAGE_NAME ""
| #define PACKAGE_TARNAME ""
| #define PACKAGE_VERSION ""
| #define PACKAGE_STRING ""
| #define PACKAGE_BUGREPORT ""
| #define PACKAGE "eugene"
| #define VERSION "3.6a"
| #define HAVE_LIBC 1
| #define HAVE_LIBDL 1
| #define HAVE_LIBGCC 1
| #define HAVE_LIBGD 1
| #define HAVE_LIBM 1
| #define HAVE_LIBPNG 1
| #define HAVE_LIBZ 1
| /* end confdefs.h.  */
| #include <ac_nonexistent.h>
configure:4639: checking for grep that handles long lines and -e
configure:4713: result: /bin/grep
configure:4718: checking for egrep
configure:4796: result: /bin/grep -E
configure:4801: checking for ANSI C header files
configure:4831: gcc -c -g -O2  conftest.c >&5
configure:4837: $? = 0
configure:4936: gcc -o conftest -g -O2   conftest.c -lz -lpng -lm -lgd -lgcc -ldl -lc  >&5
configure:4939: $? = 0
configure:4945: ./conftest
configure:4948: $? = 0
configure:4965: result: yes
configure:4989: checking for sys/types.h
configure:5010: gcc -c -g -O2  conftest.c >&5
configure:5016: $? = 0
configure:5032: result: yes
configure:4989: checking for sys/stat.h
configure:5010: gcc -c -g -O2  conftest.c >&5
configure:5016: $? = 0
configure:5032: result: yes
configure:4989: checking for stdlib.h
configure:5010: gcc -c -g -O2  conftest.c >&5
configure:5016: $? = 0
configure:5032: result: yes
configure:4989: checking for string.h
configure:5010: gcc -c -g -O2  conftest.c >&5
configure:5016: $? = 0
configure:5032: result: yes
configure:4989: checking for memory.h
configure:5010: gcc -c -g -O2  conftest.c >&5
configure:5016: $? = 0
configure:5032: result: yes
configure:4989: checking for strings.h
configure:5010: gcc -c -g -O2  conftest.c >&5
configure:5016: $? = 0
configure:5032: result: yes
configure:4989: checking for inttypes.h
configure:5010: gcc -c -g -O2  conftest.c >&5
configure:5016: $? = 0
configure:5032: result: yes
configure:4989: checking for stdint.h
configure:5010: gcc -c -g -O2  conftest.c >&5
configure:5016: $? = 0
configure:5032: result: yes
configure:4989: checking for unistd.h
configure:5010: gcc -c -g -O2  conftest.c >&5
configure:5016: $? = 0
configure:5032: result: yes
configure:5065: checking netdb.h usability
configure:5082: gcc -c -g -O2  conftest.c >&5
configure:5088: $? = 0
configure:5102: result: yes
configure:5106: checking netdb.h presence
configure:5121: gcc -E  conftest.c
configure:5127: $? = 0
configure:5141: result: yes
configure:5169: checking for netdb.h
configure:5177: result: yes
configure:5055: checking for stdlib.h
configure:5061: result: yes
configure:5055: checking for string.h
configure:5061: result: yes
configure:5055: checking for strings.h
configure:5061: result: yes
configure:5055: checking for unistd.h
configure:5061: result: yes
configure:5065: checking values.h usability
configure:5082: gcc -c -g -O2  conftest.c >&5
configure:5088: $? = 0
configure:5102: result: yes
configure:5106: checking values.h presence
configure:5121: gcc -E  conftest.c
configure:5127: $? = 0
configure:5141: result: yes
configure:5169: checking for values.h
configure:5177: result: yes
configure:5065: checking getopt.h usability
configure:5082: gcc -c -g -O2  conftest.c >&5
configure:5088: $? = 0
configure:5102: result: yes
configure:5106: checking getopt.h presence
configure:5121: gcc -E  conftest.c
configure:5127: $? = 0
configure:5141: result: yes
configure:5169: checking for getopt.h
configure:5177: result: yes
configure:5192: checking for an ANSI C-conforming const
configure:5267: gcc -c -g -O2  conftest.c >&5
configure:5273: $? = 0
configure:5288: result: yes
configure:5298: checking for inline
configure:5324: gcc -c -g -O2  conftest.c >&5
configure:5330: $? = 0
configure:5348: result: inline
configure:5367: checking whether struct tm is in sys/time.h or time.h
configure:5397: gcc -c -g -O2  conftest.c >&5
configure:5403: $? = 0
configure:5418: result: time.h
configure:5428: checking for size_t
configure:5458: gcc -c -g -O2  conftest.c >&5
configure:5464: $? = 0
configure:5479: result: yes
configure:5498: checking for stdlib.h
configure:5504: result: yes
configure:5633: checking for GNU libc compatible malloc
configure:5667: gcc -o conftest -g -O2   conftest.c -lz -lpng -lm -lgd -lgcc -ldl -lc  >&5
configure:5670: $? = 0
configure:5676: ./conftest
configure:5679: $? = 0
configure:5695: result: yes
configure:5723: checking whether lstat dereferences a symlink specified with a trailing slash
configure:5759: gcc -o conftest -g -O2   conftest.c -lz -lpng -lm -lgd -lgcc -ldl -lc  >&5
configure:5762: $? = 0
configure:5768: ./conftest
configure:5771: $? = 0
configure:5794: result: yes
configure:5813: checking whether stat accepts an empty string
configure:5843: gcc -o conftest -g -O2   conftest.c -lz -lpng -lm -lgd -lgcc -ldl -lc  >&5
configure:5846: $? = 0
configure:5852: ./conftest
configure:5855: $? = 0
configure:5871: result: no
configure:5897: checking for floor
configure:5953: gcc -o conftest -g -O2   conftest.c -lz -lpng -lm -lgd -lgcc -ldl -lc  >&5
conftest.c:60: warning: conflicting types for built-in function 'floor'
configure:5959: $? = 0
configure:5977: result: yes
configure:5897: checking for pow
configure:5953: gcc -o conftest -g -O2   conftest.c -lz -lpng -lm -lgd -lgcc -ldl -lc  >&5
conftest.c:61: warning: conflicting types for built-in function 'pow'
configure:5959: $? = 0
configure:5977: result: yes
configure:5897: checking for sqrt
configure:5953: gcc -o conftest -g -O2   conftest.c -lz -lpng -lm -lgd -lgcc -ldl -lc  >&5
conftest.c:62: warning: conflicting types for built-in function 'sqrt'
configure:5959: $? = 0
configure:5977: result: yes
configure:5897: checking for strchr
configure:5953: gcc -o conftest -g -O2   conftest.c -lz -lpng -lm -lgd -lgcc -ldl -lc  >&5
conftest.c:63: warning: conflicting types for built-in function 'strchr'
configure:5959: $? = 0
configure:5977: result: yes
configure:5897: checking for strspn
configure:5953: gcc -o conftest -g -O2   conftest.c -lz -lpng -lm -lgd -lgcc -ldl -lc  >&5
conftest.c:64: warning: conflicting types for built-in function 'strspn'
configure:5959: $? = 0
configure:5977: result: yes
configure:5897: checking for uname
configure:5953: gcc -o conftest -g -O2   conftest.c -lz -lpng -lm -lgd -lgcc -ldl -lc  >&5
configure:5959: $? = 0
configure:5977: result: yes
configure:5897: checking for getopt
configure:5953: gcc -o conftest -g -O2   conftest.c -lz -lpng -lm -lgd -lgcc -ldl -lc  >&5
configure:5959: $? = 0
configure:5977: result: yes
configure:6149: creating ./config.status

## ---------------------- ##
## Running config.status. ##
## ---------------------- ##

This file was extended by config.status, which was
generated by GNU Autoconf 2.61.  Invocation command line was

  CONFIG_FILES    = 
  CONFIG_HEADERS  = 
  CONFIG_LINKS    = 
  CONFIG_COMMANDS = 
  $ ./config.status 

on marmadais

config.status:685: creating Makefile
config.status:685: creating README
config.status:685: creating src/Makefile
config.status:685: creating src/GDIF/Makefile
config.status:685: creating src/Parametrization/Makefile
config.status:685: creating src/SensorPlugins/Makefile
config.status:685: creating src/SensorPlugins/0_SensorTk/Makefile
config.status:685: creating src/SensorPlugins/0_SensorTk/GetData/Makefile
config.status:685: creating src/SensorPlugins/AnnotaStruct/Makefile
config.status:685: creating src/SensorPlugins/BlastX/Makefile
config.status:685: creating src/SensorPlugins/Est/Makefile
config.status:685: creating src/SensorPlugins/EuStop/Makefile
config.status:685: creating src/SensorPlugins/FrameShift/Makefile
config.status:685: creating src/SensorPlugins/GCPlot/Makefile
config.status:685: creating src/SensorPlugins/GFF/Makefile
config.status:685: creating src/SensorPlugins/GSplicer/Makefile
config.status:685: creating src/SensorPlugins/Homology/Makefile
config.status:685: creating src/SensorPlugins/IfElse/Makefile
config.status:685: creating src/SensorPlugins/MarkovConst/Makefile
config.status:685: creating src/SensorPlugins/MarkovIMM/Makefile
config.status:685: creating src/SensorPlugins/MarkovIMM/GetData/Makefile
config.status:685: creating src/SensorPlugins/MarkovProt/Makefile
config.status:685: creating src/SensorPlugins/MarkovProt/GetData/Makefile
config.status:685: creating src/SensorPlugins/NG2/Makefile
config.status:685: creating src/SensorPlugins/NStart/Makefile
config.status:685: creating src/SensorPlugins/PatConst/Makefile
config.status:685: creating src/SensorPlugins/PepSignal/Makefile
config.status:685: creating src/SensorPlugins/Plotter/Makefile
config.status:685: creating src/SensorPlugins/Repeat/Makefile
config.status:685: creating src/SensorPlugins/Riken/Makefile
config.status:685: creating src/SensorPlugins/SMachine/Makefile
config.status:685: creating src/SensorPlugins/SPred/Makefile
config.status:685: creating src/SensorPlugins/SpliceWAM/Makefile
config.status:685: creating src/SensorPlugins/StartWAM/Makefile
config.status:685: creating src/SensorPlugins/Tester/Makefile
config.status:685: creating src/SensorPlugins/Transcript/Makefile
config.status:685: creating src/SensorPlugins/QualData/Makefile
config.status:685: creating src/SensorPlugins/NStretch/Makefile
config.status:685: creating src/SensorPlugins/NcRNA/Makefile
config.status:685: creating plugins/Makefile
config.status:685: creating doc/Makefile
config.status:685: creating config.h
config.status:929: config.h is unchanged
config.status:975: executing depfiles commands

## ---------------- ##
## Cache variables. ##
## ---------------- ##

ac_cv_c_compiler_gnu=yes
ac_cv_c_const=yes
ac_cv_c_inline=inline
ac_cv_cxx_compiler_gnu=yes
ac_cv_env_CCC_set=
ac_cv_env_CCC_value=
ac_cv_env_CC_set=
ac_cv_env_CC_value=
ac_cv_env_CFLAGS_set=
ac_cv_env_CFLAGS_value=
ac_cv_env_CPPFLAGS_set=
ac_cv_env_CPPFLAGS_value=
ac_cv_env_CPP_set=
ac_cv_env_CPP_value=
ac_cv_env_CXXFLAGS_set=
ac_cv_env_CXXFLAGS_value=
ac_cv_env_CXX_set=
ac_cv_env_CXX_value=
ac_cv_env_LDFLAGS_set=
ac_cv_env_LDFLAGS_value=
ac_cv_env_LIBS_set=
ac_cv_env_LIBS_value=
ac_cv_env_build_alias_set=
ac_cv_env_build_alias_value=
ac_cv_env_host_alias_set=
ac_cv_env_host_alias_value=
ac_cv_env_target_alias_set=
ac_cv_env_target_alias_value=
ac_cv_func_floor=yes
ac_cv_func_getopt=yes
ac_cv_func_lstat_dereferences_slashed_symlink=yes
ac_cv_func_malloc_0_nonnull=yes
ac_cv_func_pow=yes
ac_cv_func_sqrt=yes
ac_cv_func_stat_empty_string_bug=no
ac_cv_func_strchr=yes
ac_cv_func_strspn=yes
ac_cv_func_uname=yes
ac_cv_header_getopt_h=yes
ac_cv_header_inttypes_h=yes
ac_cv_header_memory_h=yes
ac_cv_header_netdb_h=yes
ac_cv_header_stdc=yes
ac_cv_header_stdint_h=yes
ac_cv_header_stdlib_h=yes
ac_cv_header_string_h=yes
ac_cv_header_strings_h=yes
ac_cv_header_sys_stat_h=yes
ac_cv_header_sys_types_h=yes
ac_cv_header_unistd_h=yes
ac_cv_header_values_h=yes
ac_cv_lib_c_main=yes
ac_cv_lib_dl_main=yes
ac_cv_lib_gcc_main=yes
ac_cv_lib_gd_main=yes
ac_cv_lib_m_main=yes
ac_cv_lib_png_main=yes
ac_cv_lib_z_main=yes
ac_cv_objext=o
ac_cv_path_EGREP='/bin/grep -E'
ac_cv_path_GREP=/bin/grep
ac_cv_path_install='/usr/bin/install -c'
ac_cv_prog_AWK=gawk
ac_cv_prog_CPP='gcc -E'
ac_cv_prog_ac_ct_CC=gcc
ac_cv_prog_ac_ct_CXX=g++
ac_cv_prog_ac_ct_RANLIB=ranlib
ac_cv_prog_cc_c89=
ac_cv_prog_cc_g=yes
ac_cv_prog_cxx_g=yes
ac_cv_prog_make_make_set=yes
ac_cv_struct_tm=time.h
ac_cv_type_size_t=yes
am_cv_CC_dependencies_compiler_type=gcc3
am_cv_CXX_dependencies_compiler_type=gcc3

## ----------------- ##
## Output variables. ##
## ----------------- ##

ACLOCAL='aclocal-1.9'
AMDEPBACKSLASH='\'
AMDEP_FALSE='#'
AMDEP_TRUE=''
AMTAR='tar'
AUTOCONF='autoconf'
AUTOHEADER='autoheader'
AUTOMAKE='automake-1.9'
AWK='gawk'
CC='gcc'
CCDEPMODE='depmode=gcc3'
CFLAGS='-g -O2'
CPP='gcc -E'
CPPFLAGS=''
CXX='g++'
CXXDEPMODE='depmode=gcc3'
CXXFLAGS='-g -O2'
CYGPATH_W='echo'
DEFS='-DHAVE_CONFIG_H'
DEPDIR='.deps'
ECHO_C=''
ECHO_N='-n'
ECHO_T=''
EGREP='/bin/grep -E'
EXEEXT=''
GREP='/bin/grep'
INSTALL_DATA='${INSTALL} -m 644'
INSTALL_PROGRAM='${INSTALL}'
INSTALL_SCRIPT='${INSTALL}'
INSTALL_STRIP_PROGRAM='${SHELL} $(install_sh) -c -s'
LDFLAGS=''
LIBOBJS=''
LIBS='-lz -lpng -lm -lgd -lgcc -ldl -lc '
LN_S='ln -s'
LTLIBOBJS=''
MACOS_OS_FALSE=''
MACOS_OS_TRUE='#'
MAKEINFO='makeinfo'
OBJEXT='o'
PACKAGE='eugene'
PACKAGE_BUGREPORT=''
PACKAGE_NAME=''
PACKAGE_STRING=''
PACKAGE_TARNAME=''
PACKAGE_VERSION=''
PATH_SEPARATOR=':'
RANLIB='ranlib'
SET_MAKE=''
SHELL='/bin/sh'
SOLARIS_OS_FALSE=''
SOLARIS_OS_TRUE='#'
STRIP=''
VERSION='3.6a'
ac_ct_CC='gcc'
ac_ct_CXX='g++'
am__fastdepCC_FALSE='#'
am__fastdepCC_TRUE=''
am__fastdepCXX_FALSE='#'
am__fastdepCXX_TRUE=''
am__include='include'
am__leading_dot='.'
am__quote=''
am__tar='${AMTAR} chof - "$$tardir"'
am__untar='${AMTAR} xf -'
bindir='${exec_prefix}/bin'
build_alias=''
datadir='${datarootdir}'
datarootdir='${prefix}/share'
docdir='${datarootdir}/doc/${PACKAGE}'
dvidir='${docdir}'
exec_prefix='${prefix}'
host_alias=''
htmldir='${docdir}'
includedir='${prefix}/include'
infodir='${datarootdir}/info'
install_sh='/home/droc/GNPAnnot/EGN_Tc100609/eugene/config/install-sh'
libdir='${exec_prefix}/lib'
libexecdir='${exec_prefix}/libexec'
localedir='${datarootdir}/locale'
localstatedir='${prefix}/var'
mandir='${datarootdir}/man'
mkdir_p='mkdir -p --'
oldincludedir='/usr/include'
pdfdir='${docdir}'
prefix='/home/droc/GNPAnnot/EGN_Tc100609/eugene'
program_transform_name='s,x,x,'
psdir='${docdir}'
sbindir='${exec_prefix}/sbin'
sharedstatedir='${prefix}/com'
sysconfdir='${prefix}/etc'
target_alias=''

## ----------- ##
## confdefs.h. ##
## ----------- ##

#define PACKAGE_NAME ""
#define PACKAGE_TARNAME ""
#define PACKAGE_VERSION ""
#define PACKAGE_STRING ""
#define PACKAGE_BUGREPORT ""
#define PACKAGE "eugene"
#define VERSION "3.6a"
#define HAVE_LIBC 1
#define HAVE_LIBDL 1
#define HAVE_LIBGCC 1
#define HAVE_LIBGD 1
#define HAVE_LIBM 1
#define HAVE_LIBPNG 1
#define HAVE_LIBZ 1
#define STDC_HEADERS 1
#define HAVE_SYS_TYPES_H 1
#define HAVE_SYS_STAT_H 1
#define HAVE_STDLIB_H 1
#define HAVE_STRING_H 1
#define HAVE_MEMORY_H 1
#define HAVE_STRINGS_H 1
#define HAVE_INTTYPES_H 1
#define HAVE_STDINT_H 1
#define HAVE_UNISTD_H 1
#define HAVE_NETDB_H 1
#define HAVE_STDLIB_H 1
#define HAVE_STRING_H 1
#define HAVE_STRINGS_H 1
#define HAVE_UNISTD_H 1
#define HAVE_VALUES_H 1
#define HAVE_GETOPT_H 1
#define HAVE_STDLIB_H 1
#define HAVE_MALLOC 1
#define LSTAT_FOLLOWS_SLASHED_SYMLINK 1
#define HAVE_FLOOR 1
#define HAVE_POW 1
#define HAVE_SQRT 1
#define HAVE_STRCHR 1
#define HAVE_STRSPN 1
#define HAVE_UNAME 1
#define HAVE_GETOPT 1

configure: exit 0
