
Cc00g00660
   1 M d   0.836   0.000 (  0.002   4.731)
   2 D e   0.836   0.000 (  0.002   4.731)
   3 A f   0.836   0.000 (  0.002   4.731)
   4 A b   0.838   0.000 (  0.002   4.735)
   5 V c   0.838   0.000 (  0.002   4.735)
   6 I d   0.864   0.000 (  0.003   4.761)
   7 S e   0.864   0.000 (  0.003   4.761)
   8 F f   0.880   0.000 (  0.004   4.741)
   9 G g   0.880   0.000 (  0.004   4.741)
  10 S b   0.921   0.000 (  0.008   4.565)
  11 S c   0.946   0.000 (  0.011   4.378)
  12 A d   0.946   0.000 (  0.011   4.378)
  13 F e   0.946   0.000 (  0.011   4.378)
  14 S f   0.946   0.000 (  0.011   4.378)
  15 A g   0.946   0.000 (  0.011   4.378)
  16 L a   0.963   0.000 (  0.015   4.219)
  17 L b   0.963   0.000 (  0.015   4.219)
  18 Q c   0.963   0.000 (  0.015   4.219)
  19 V d   0.963   0.000 (  0.015   4.219)
  20 G e   0.963   0.000 (  0.015   4.219)
  21 L e   0.980   0.000 (  0.019   4.041)
  22 D f   0.980   0.000 (  0.019   4.041)
  23 R b   1.033   0.000 (  0.039   3.386)
  24 V c   1.038   0.000 (  0.041   3.329)
  25 A d   1.097   0.001 (  0.087   2.523)
  26 S e   1.125   0.002 (  0.122   2.151)
  27 R f   1.167   0.005 (  0.194   1.641)
  28 E g   1.167   0.005 (  0.194   1.641)
  29 F a   1.167   0.005 (  0.194   1.641)
  30 L b   1.203   0.009 (  0.286   1.250)
  31 N c   1.203   0.009 (  0.286   1.250)
  32 L d   1.203   0.009 (  0.286   1.250)
  33 F e   1.203   0.009 (  0.286   1.250)
  34 G f   1.203   0.009 (  0.286   1.250)
  35 E g   1.214   0.011 (  0.320   1.146)
  36 R a   1.214   0.011 (  0.320   1.146)
  37 K b   1.214   0.011 (  0.320   1.146)
  38 H c   1.214   0.011 (  0.320   1.146)
  39 D d   1.214   0.011 (  0.320   1.146)
  40 D e   1.287   0.040 (  0.625   0.603)
  41 T f   1.376   0.176 (  1.244   0.232)
  42 I g   1.385   0.202 (  1.322   0.209)
  43 L a   1.478   0.591 (  2.271   0.063)
  44 N b   1.478   0.591 (  2.271   0.063)
  45 K c   1.478   0.591 (  2.271   0.063)
  46 L d   1.478   0.591 (  2.271   0.063)
  47 K e   1.478   0.591 (  2.271   0.063)
  48 R f   1.478   0.591 (  2.271   0.063)
  49 N g   1.478   0.591 (  2.271   0.063)
  50 L a   1.478   0.591 (  2.271   0.063)
  51 W b   1.478   0.591 (  2.271   0.063)
  52 L c   1.478   0.591 (  2.271   0.063)
  53 A d   1.478   0.591 (  2.271   0.063)
  54 Q e   1.478   0.591 (  2.271   0.063)
  55 A f   1.478   0.591 (  2.271   0.063)
  56 V g   1.478   0.591 (  2.271   0.063)
  57 L a   1.478   0.591 (  2.271   0.063)
  58 N b   1.478   0.591 (  2.271   0.063)
  59 D c   1.478   0.591 (  2.271   0.063)
  60 A d   1.478   0.591 (  2.271   0.063)
  61 E e   1.478   0.591 (  2.271   0.063)
  62 S f   1.478   0.591 (  2.271   0.063)
  63 K g   1.478   0.591 (  2.271   0.063)
  64 Q a   1.372   0.165 (  1.208   0.244)
  65 A b   1.359   0.135 (  1.102   0.283)
  66 G c   1.298   0.048 (  0.686   0.541)
  67 Y d   1.252   0.021 (  0.456   0.837)
  68 D d   1.297   0.047 (  0.681   0.546)
  69 E b   1.396   0.238 (  1.425   0.182)
  70 K c   1.396   0.238 (  1.425   0.182)
  71 W d   1.396   0.238 (  1.425   0.182)
  72 M a   1.406   0.271 (  1.511   0.163)
  73 D b   1.406   0.271 (  1.511   0.163)
  74 E c   1.406   0.271 (  1.511   0.163)
  75 L d   1.406   0.271 (  1.511   0.163)
  76 Q e   1.406   0.271 (  1.511   0.163)
  77 D f   1.406   0.271 (  1.511   0.163)
  78 A g   1.406   0.271 (  1.511   0.163)
  79 V a   1.406   0.271 (  1.511   0.163)
  80 Y b   1.406   0.271 (  1.511   0.163)
  81 D c   1.406   0.271 (  1.511   0.163)
  82 A d   1.406   0.271 (  1.511   0.163)
  83 D e   1.406   0.271 (  1.511   0.163)
  84 D f   1.406   0.271 (  1.511   0.163)
  85 L g   1.406   0.271 (  1.511   0.163)
  86 L a   1.406   0.271 (  1.511   0.163)
  87 D b   1.406   0.271 (  1.511   0.163)
  88 Q c   1.406   0.271 (  1.511   0.163)
  89 I d   1.406   0.271 (  1.511   0.163)
  90 S e   1.406   0.271 (  1.511   0.163)
  91 T f   1.406   0.271 (  1.511   0.163)
  92 E g   1.406   0.271 (  1.511   0.163)
  93 A a   1.374   0.169 (  1.222   0.240)
  94 L b   1.283   0.037 (  0.604   0.626)
  95 K c   1.283   0.037 (  0.604   0.626)
  96 V d   1.283   0.037 (  0.604   0.626)
  97 R e   1.283   0.037 (  0.604   0.626)
  98 V f   1.283   0.037 (  0.604   0.626)
  99 E g   1.283   0.037 (  0.604   0.626)
 100 H a   1.283   0.037 (  0.604   0.626)
 101 E b   1.283   0.037 (  0.604   0.626)
 102 Q c   1.283   0.037 (  0.604   0.626)
 103 Q d   1.238   0.017 (  0.402   0.942)
 104 S e   1.234   0.016 (  0.388   0.971)
 105 M d   1.225   0.013 (  0.355   1.049)
 106 I e   1.225   0.013 (  0.355   1.049)
 107 N f   1.225   0.013 (  0.355   1.049)
 108 Q g   1.225   0.013 (  0.355   1.049)
 109 V a   1.225   0.013 (  0.355   1.049)
 110 S b   1.225   0.013 (  0.355   1.049)
 111 T c   1.212   0.011 (  0.313   1.166)
 112 C d   1.199   0.008 (  0.274   1.292)
 113 T e   1.140   0.003 (  0.145   1.953)
 114 S f   1.140   0.003 (  0.145   1.953)
 115 Y g   1.140   0.003 (  0.145   1.953)
 116 L a   1.140   0.003 (  0.145   1.953)
 117 S d   1.203   0.009 (  0.286   1.250)
 118 N e   1.301   0.051 (  0.702   0.527)
 119 E f   1.301   0.051 (  0.702   0.527)
 120 F g   1.301   0.051 (  0.702   0.527)
 121 L a   1.342   0.102 (  0.972   0.342)
 122 Q b   1.342   0.102 (  0.972   0.342)
 123 H c   1.342   0.102 (  0.972   0.342)
 124 I d   1.342   0.102 (  0.972   0.342)
 125 T e   1.376   0.175 (  1.239   0.234)
 126 P f   1.376   0.175 (  1.239   0.234)
 127 K g   1.376   0.175 (  1.239   0.234)
 128 V a   1.376   0.175 (  1.239   0.234)
 129 T b   1.376   0.175 (  1.239   0.234)
 130 E c   1.376   0.175 (  1.239   0.234)
 131 L d   1.376   0.175 (  1.239   0.234)
 132 V e   1.376   0.175 (  1.239   0.234)
 133 D f   1.376   0.175 (  1.239   0.234)
 134 L g   1.376   0.175 (  1.239   0.234)
 135 L a   1.376   0.175 (  1.239   0.234)
 136 E b   1.376   0.175 (  1.239   0.234)
 137 E c   1.376   0.175 (  1.239   0.234)
 138 L d   1.376   0.175 (  1.239   0.234)
 139 V e   1.376   0.175 (  1.239   0.234)
 140 Q f   1.376   0.175 (  1.239   0.234)
 141 K g   1.376   0.175 (  1.239   0.234)
 142 L a   1.376   0.175 (  1.239   0.234)
 143 K b   1.376   0.175 (  1.239   0.234)
 144 I c   1.376   0.175 (  1.239   0.234)
 145 L d   1.376   0.175 (  1.239   0.234)
 146 G e   1.319   0.070 (  0.816   0.436)
 147 P f   1.319   0.070 (  0.816   0.436)
 148 G g   1.258   0.024 (  0.482   0.793)
 149 K a   1.258   0.024 (  0.482   0.793)
 150 I b   1.258   0.024 (  0.482   0.793)
 151 E c   1.258   0.024 (  0.482   0.793)
 152 V d   1.258   0.024 (  0.482   0.793)
 153 N e   1.258   0.024 (  0.482   0.793)
 154 K f   1.258   0.024 (  0.482   0.793)
 155 Q g   1.258   0.024 (  0.482   0.793)
 156 S a   1.168   0.005 (  0.196   1.629)
 157 R b   1.132   0.003 (  0.132   2.056)
 158 R c   1.110   0.002 (  0.102   2.348)
 159 D g   1.034   0.000 (  0.039   3.383)
 160 C d   1.022   0.000 (  0.033   3.530)
 161 S e   1.022   0.000 (  0.033   3.530)
 162 V f   1.022   0.000 (  0.033   3.530)
 163 S g   1.022   0.000 (  0.033   3.530)
 164 L a   1.022   0.000 (  0.033   3.530)
 165 V b   1.022   0.000 (  0.033   3.530)
 166 D c   1.022   0.000 (  0.033   3.530)
 167 E d   1.022   0.000 (  0.033   3.530)
 168 S e   1.022   0.000 (  0.033   3.530)
 169 G f   1.022   0.000 (  0.033   3.530)
 170 V d   1.020   0.000 (  0.032   3.561)
 171 Y e   1.020   0.000 (  0.032   3.561)
 172 G f   1.038   0.000 (  0.041   3.323)
 173 R g   1.038   0.000 (  0.041   3.323)
 174 D a   1.042   0.001 (  0.043   3.276)
 175 D b   1.063   0.001 (  0.057   2.979)
 176 D c   1.063   0.001 (  0.057   2.979)
 177 K d   1.063   0.001 (  0.057   2.979)
 178 E e   1.063   0.001 (  0.057   2.979)
 179 K f   1.063   0.001 (  0.057   2.979)
 180 M g   1.063   0.001 (  0.057   2.979)
 181 I a   1.063   0.001 (  0.057   2.979)
 182 K b   1.063   0.001 (  0.057   2.979)
 183 M c   1.063   0.001 (  0.057   2.979)
 184 L d   1.063   0.001 (  0.057   2.979)
 185 L e   1.063   0.001 (  0.057   2.979)
 186 C f   1.063   0.001 (  0.057   2.979)
 187 D g   1.063   0.001 (  0.057   2.979)
 188 D a   1.063   0.001 (  0.057   2.979)
 189 R b   1.063   0.001 (  0.057   2.979)
 190 R c   1.063   0.001 (  0.057   2.979)
 191 G d   1.063   0.001 (  0.057   2.979)
 192 K e   1.063   0.001 (  0.057   2.979)
 193 G f   1.063   0.001 (  0.057   2.979)
 194 N g   1.063   0.001 (  0.057   2.979)
 195 T a   1.063   0.001 (  0.057   2.979)
 196 V b   1.007   0.000 (  0.027   3.727)
 197 I c   0.953   0.000 (  0.012   4.319)
 198 P d   0.912   0.000 (  0.007   4.621)
 199 I a   0.848   0.000 (  0.002   4.755)
 200 V b   0.848   0.000 (  0.002   4.754)
 201 G f   0.883   0.000 (  0.004   4.735)
 202 M g   0.914   0.000 (  0.007   4.609)
 203 G a   0.914   0.000 (  0.007   4.609)
 204 G b   0.958   0.000 (  0.013   4.268)
 205 V c   1.024   0.000 (  0.034   3.511)
 206 G d   1.024   0.000 (  0.034   3.511)
 207 K e   1.088   0.001 (  0.078   2.638)
 208 T f   1.088   0.001 (  0.078   2.638)
 209 T g   1.088   0.001 (  0.078   2.638)
 210 V a   1.088   0.001 (  0.078   2.638)
 211 A b   1.088   0.001 (  0.078   2.638)
 212 Q c   1.088   0.001 (  0.078   2.638)
 213 L d   1.088   0.001 (  0.078   2.638)
 214 V e   1.088   0.001 (  0.078   2.638)
 215 C f   1.088   0.001 (  0.078   2.638)
 216 N g   1.088   0.001 (  0.078   2.638)
 217 D a   1.088   0.001 (  0.078   2.638)
 218 K b   1.088   0.001 (  0.078   2.638)
 219 R c   1.088   0.001 (  0.078   2.638)
 220 V d   1.088   0.001 (  0.078   2.638)
 221 K e   1.088   0.001 (  0.078   2.638)
 222 A f   1.088   0.001 (  0.078   2.638)
 223 H g   1.088   0.001 (  0.078   2.638)
 224 F a   1.088   0.001 (  0.078   2.638)
 225 D b   1.088   0.001 (  0.078   2.638)
 226 V c   1.088   0.001 (  0.078   2.638)
 227 I d   1.088   0.001 (  0.078   2.638)
 228 A e   1.037   0.000 (  0.041   3.335)
 229 W a   1.001   0.000 (  0.025   3.801)
 230 V f   1.006   0.000 (  0.027   3.739)
 231 C g   1.033   0.000 (  0.039   3.392)
 232 V a   1.072   0.001 (  0.064   2.857)
 233 S b   1.072   0.001 (  0.064   2.857)
 234 E c   1.109   0.002 (  0.100   2.363)
 235 E d   1.109   0.002 (  0.100   2.363)
 236 H e   1.109   0.002 (  0.100   2.363)
 237 D f   1.191   0.007 (  0.253   1.372)
 238 V g   1.191   0.007 (  0.253   1.372)
 239 I a   1.191   0.007 (  0.253   1.372)
 240 K b   1.191   0.007 (  0.253   1.372)
 241 I c   1.191   0.007 (  0.253   1.372)
 242 T d   1.191   0.007 (  0.253   1.372)
 243 K e   1.191   0.007 (  0.253   1.372)
 244 S f   1.191   0.007 (  0.253   1.372)
 245 L g   1.191   0.007 (  0.253   1.372)
 246 L a   1.191   0.007 (  0.253   1.372)
 247 E b   1.191   0.007 (  0.253   1.372)
 248 G c   1.191   0.007 (  0.253   1.372)
 249 L d   1.191   0.007 (  0.253   1.372)
 250 G e   1.191   0.007 (  0.253   1.372)
 251 S f   1.191   0.007 (  0.253   1.372)
 252 L g   1.191   0.007 (  0.253   1.372)
 253 C a   1.191   0.007 (  0.253   1.372)
 254 E b   1.191   0.007 (  0.253   1.372)
 255 S c   1.191   0.007 (  0.253   1.372)
 256 M d   1.191   0.007 (  0.253   1.372)
 257 E e   1.191   0.007 (  0.253   1.372)
 258 T c   1.191   0.007 (  0.252   1.375)
 259 L d   1.191   0.007 (  0.252   1.375)
 260 S e   1.191   0.007 (  0.252   1.375)
 261 S f   1.191   0.007 (  0.252   1.375)
 262 L g   1.191   0.007 (  0.252   1.375)
 263 Q a   1.191   0.007 (  0.252   1.375)
 264 V b   1.191   0.007 (  0.252   1.375)
 265 K c   1.191   0.007 (  0.252   1.375)
 266 L d   1.191   0.007 (  0.252   1.375)
 267 Q e   1.191   0.007 (  0.252   1.375)
 268 Q f   1.191   0.007 (  0.252   1.375)
 269 S g   1.191   0.007 (  0.252   1.375)
 270 L a   1.191   0.007 (  0.252   1.375)
 271 I b   1.186   0.007 (  0.240   1.424)
 272 G g   1.182   0.006 (  0.228   1.475)
 273 K a   1.182   0.006 (  0.228   1.475)
 274 K b   1.182   0.006 (  0.228   1.475)
 275 F c   1.182   0.006 (  0.228   1.475)
 276 L d   1.182   0.006 (  0.228   1.475)
 277 F e   1.136   0.003 (  0.138   2.010)
 278 V f   1.059   0.001 (  0.054   3.039)
 279 L g   1.042   0.001 (  0.043   3.274)
 280 D a   0.977   0.000 (  0.018   4.082)
 281 D b   0.977   0.000 (  0.018   4.082)
 282 V c   0.946   0.000 (  0.011   4.376)
 283 W a   0.946   0.000 (  0.011   4.382)
 284 N b   0.946   0.000 (  0.011   4.382)
 285 S c   0.946   0.000 (  0.011   4.382)
 286 S d   0.946   0.000 (  0.011   4.382)
 287 Y e   0.946   0.000 (  0.011   4.382)
 288 N f   0.946   0.000 (  0.011   4.382)
 289 D g   0.946   0.000 (  0.011   4.382)
 290 W a   0.946   0.000 (  0.011   4.382)
 291 E b   0.946   0.000 (  0.011   4.382)
 292 M c   0.946   0.000 (  0.011   4.382)
 293 L d   0.946   0.000 (  0.011   4.382)
 294 K e   0.946   0.000 (  0.011   4.382)
 295 S f   0.946   0.000 (  0.011   4.382)
 296 P g   0.946   0.000 (  0.011   4.382)
 297 F a   0.946   0.000 (  0.011   4.382)
 298 S e   0.958   0.000 (  0.013   4.269)
 299 S f   0.958   0.000 (  0.013   4.269)
 300 G g   0.958   0.000 (  0.013   4.269)
 301 K a   0.958   0.000 (  0.014   4.267)
 302 Q b   0.983   0.000 (  0.019   4.014)
 303 G c   0.983   0.000 (  0.019   4.014)
 304 S d   1.019   0.000 (  0.032   3.572)
 305 K a   1.069   0.001 (  0.062   2.896)
 306 I f   1.072   0.001 (  0.064   2.866)
 307 I g   1.076   0.001 (  0.067   2.810)
 308 V a   1.176   0.006 (  0.216   1.532)
 309 T b   1.176   0.006 (  0.216   1.532)
 310 T c   1.176   0.006 (  0.216   1.532)
 311 R d   1.176   0.006 (  0.216   1.532)
 312 D e   1.176   0.006 (  0.216   1.532)
 313 E f   1.250   0.021 (  0.451   0.846)
 314 R g   1.250   0.021 (  0.451   0.846)
 315 V a   1.250   0.021 (  0.451   0.846)
 316 A b   1.250   0.021 (  0.451   0.846)
 317 R c   1.250   0.021 (  0.451   0.846)
 318 M d   1.250   0.021 (  0.451   0.846)
 319 I e   1.250   0.021 (  0.451   0.846)
 320 H f   1.250   0.021 (  0.451   0.846)
 321 S g   1.250   0.021 (  0.451   0.846)
 322 M a   1.250   0.021 (  0.451   0.846)
 323 R b   1.250   0.021 (  0.451   0.846)
 324 N c   1.250   0.021 (  0.451   0.846)
 325 Q d   1.250   0.021 (  0.451   0.846)
 326 E e   1.250   0.021 (  0.451   0.846)
 327 L f   1.250   0.021 (  0.451   0.846)
 328 E g   1.250   0.021 (  0.451   0.846)
 329 V a   1.250   0.021 (  0.451   0.846)
 330 I b   1.250   0.021 (  0.451   0.846)
 331 G c   1.250   0.021 (  0.451   0.846)
 332 K d   1.250   0.021 (  0.451   0.846)
 333 E e   1.250   0.021 (  0.451   0.846)
 334 I d   1.214   0.011 (  0.318   1.149)
 335 V e   1.214   0.011 (  0.318   1.149)
 336 K f   1.214   0.011 (  0.318   1.149)
 337 K g   1.214   0.011 (  0.318   1.149)
 338 C a   1.214   0.011 (  0.318   1.149)
 339 K b   1.214   0.011 (  0.318   1.149)
 340 G c   1.214   0.011 (  0.318   1.149)
 341 L d   1.214   0.011 (  0.318   1.149)
 342 P e   1.159   0.004 (  0.178   1.733)
 343 L f   1.159   0.004 (  0.178   1.733)
 344 A g   1.132   0.003 (  0.132   2.061)
 345 A a   1.132   0.003 (  0.132   2.061)
 346 K b   1.130   0.002 (  0.130   2.079)
 347 V d   1.067   0.001 (  0.060   2.932)
 348 A e   1.067   0.001 (  0.060   2.932)
 349 G f   1.067   0.001 (  0.060   2.932)
 350 G g   1.067   0.001 (  0.060   2.932)
 351 L a   1.067   0.001 (  0.060   2.932)
 352 L b   1.067   0.001 (  0.060   2.932)
 353 G c   1.067   0.001 (  0.060   2.932)
 354 S d   1.067   0.001 (  0.060   2.932)
 355 K e   1.067   0.001 (  0.060   2.932)
 356 G f   1.067   0.001 (  0.060   2.932)
 357 T g   1.067   0.001 (  0.060   2.932)
 358 L a   1.067   0.001 (  0.060   2.932)
 359 K b   1.067   0.001 (  0.060   2.932)
 360 E c   1.067   0.001 (  0.060   2.932)
 361 W d   1.067   0.001 (  0.060   2.932)
 362 E e   1.067   0.001 (  0.060   2.932)
 363 D f   1.067   0.001 (  0.060   2.932)
 364 I g   1.050   0.001 (  0.048   3.159)
 365 F a   1.050   0.001 (  0.048   3.159)
 366 N b   1.050   0.001 (  0.048   3.159)
 367 S c   1.050   0.001 (  0.048   3.159)
 368 D d   1.050   0.001 (  0.048   3.159)
 369 E e   1.050   0.001 (  0.048   3.159)
 370 W f   1.049   0.001 (  0.048   3.170)
 371 C g   1.049   0.001 (  0.048   3.170)
 372 Q a   1.049   0.001 (  0.048   3.170)
 373 S b   1.049   0.001 (  0.048   3.170)
 374 N c   1.049   0.001 (  0.048   3.170)
 375 S d   1.049   0.001 (  0.048   3.170)
 376 R e   1.049   0.001 (  0.048   3.170)
 377 D f   1.049   0.001 (  0.048   3.170)
 378 G g   1.008   0.000 (  0.028   3.712)
 379 I a   1.000   0.000 (  0.025   3.815)
 380 L b   0.931   0.000 (  0.009   4.494)
 381 P b   0.927   0.000 (  0.008   4.523)
 382 A c   0.927   0.000 (  0.008   4.523)
 383 L d   0.927   0.000 (  0.008   4.523)
 384 R e   0.927   0.000 (  0.008   4.523)
 385 L f   0.927   0.000 (  0.008   4.523)
 386 S g   0.927   0.000 (  0.008   4.523)
 387 Y a   0.927   0.000 (  0.008   4.523)
 388 I b   0.927   0.000 (  0.008   4.523)
 389 H c   0.927   0.000 (  0.008   4.523)
 390 M d   0.927   0.000 (  0.008   4.523)
 391 P e   0.927   0.000 (  0.008   4.523)
 392 S f   0.933   0.000 (  0.009   4.479)
 393 H g   0.975   0.000 (  0.017   4.099)
 394 L a   1.049   0.001 (  0.047   3.181)
 395 K b   1.049   0.001 (  0.047   3.181)
 396 R c   1.049   0.001 (  0.047   3.181)
 397 C d   1.049   0.001 (  0.047   3.181)
 398 F e   1.049   0.001 (  0.047   3.181)
 399 A f   1.049   0.001 (  0.047   3.181)
 400 Y g   1.049   0.001 (  0.047   3.181)
 401 C a   1.049   0.001 (  0.047   3.181)
 402 A b   1.049   0.001 (  0.047   3.181)
 403 L c   1.049   0.001 (  0.047   3.181)
 404 F d   1.049   0.001 (  0.047   3.181)
 405 H e   1.081   0.001 (  0.072   2.732)
 406 K f   1.181   0.006 (  0.226   1.484)
 407 D g   1.181   0.006 (  0.226   1.484)
 408 Y a   1.181   0.006 (  0.226   1.484)
 409 K b   1.181   0.006 (  0.226   1.484)
 410 F c   1.181   0.006 (  0.226   1.484)
 411 K d   1.181   0.006 (  0.226   1.484)
 412 K e   1.181   0.006 (  0.226   1.484)
 413 E f   1.181   0.006 (  0.226   1.484)
 414 E g   1.181   0.006 (  0.226   1.484)
 415 L a   1.181   0.006 (  0.226   1.484)
 416 I b   1.181   0.006 (  0.226   1.484)
 417 L c   1.181   0.006 (  0.226   1.484)
 418 L d   1.181   0.006 (  0.226   1.484)
 419 W e   1.181   0.006 (  0.226   1.484)
 420 M f   1.181   0.006 (  0.226   1.484)
 421 A g   1.181   0.006 (  0.226   1.484)
 422 N a   1.181   0.006 (  0.226   1.484)
 423 D b   1.181   0.006 (  0.226   1.484)
 424 L c   1.181   0.006 (  0.226   1.484)
 425 L d   1.181   0.006 (  0.226   1.484)
 426 E e   1.181   0.006 (  0.226   1.484)
 427 H f   1.144   0.003 (  0.151   1.913)
 428 P e   1.110   0.002 (  0.102   2.350)
 429 G f   1.110   0.002 (  0.102   2.350)
 430 N g   1.110   0.002 (  0.102   2.350)
 431 T a   1.110   0.002 (  0.102   2.350)
 432 K f   1.124   0.002 (  0.121   2.159)
 433 R g   1.124   0.002 (  0.121   2.159)
 434 I a   1.124   0.002 (  0.121   2.159)
 435 E b   1.124   0.002 (  0.121   2.159)
 436 D c   1.124   0.002 (  0.121   2.159)
 437 V d   1.124   0.002 (  0.121   2.159)
 438 G e   1.124   0.002 (  0.121   2.159)
 439 D f   1.124   0.002 (  0.121   2.159)
 440 E g   1.124   0.002 (  0.121   2.159)
 441 Y a   1.124   0.002 (  0.121   2.159)
 442 F b   1.124   0.002 (  0.121   2.159)
 443 C c   1.124   0.002 (  0.121   2.159)
 444 E d   1.124   0.002 (  0.121   2.159)
 445 L e   1.124   0.002 (  0.121   2.159)
 446 R f   1.124   0.002 (  0.121   2.159)
 447 Q g   1.124   0.002 (  0.121   2.159)
 448 R a   1.124   0.002 (  0.121   2.159)
 449 A b   1.124   0.002 (  0.121   2.159)
 450 F c   1.124   0.002 (  0.121   2.159)
 451 F d   1.124   0.002 (  0.121   2.159)
 452 Q e   1.124   0.002 (  0.121   2.159)
 453 T f   1.089   0.001 (  0.079   2.632)
 454 S g   1.046   0.001 (  0.046   3.219)
 455 S e   0.995   0.000 (  0.023   3.878)
 456 D f   0.995   0.000 (  0.023   3.878)
 457 D g   0.995   0.000 (  0.023   3.878)
 458 S a   0.995   0.000 (  0.023   3.878)
 459 F b   0.995   0.000 (  0.023   3.878)
 460 Y c   0.995   0.000 (  0.023   3.878)
 461 M a   1.013   0.000 (  0.030   3.649)
 462 H b   1.013   0.000 (  0.030   3.649)
 463 D c   1.013   0.000 (  0.030   3.649)
 464 L d   1.013   0.000 (  0.030   3.649)
 465 I e   1.013   0.000 (  0.030   3.649)
 466 N a   1.068   0.001 (  0.061   2.919)
 467 D b   1.068   0.001 (  0.061   2.919)
 468 L c   1.068   0.001 (  0.061   2.919)
 469 A d   1.068   0.001 (  0.061   2.919)
 470 N e   1.068   0.001 (  0.061   2.919)
 471 S f   1.068   0.001 (  0.061   2.919)
 472 V g   1.068   0.001 (  0.061   2.919)
 473 S a   1.068   0.001 (  0.061   2.919)
 474 G b   1.068   0.001 (  0.061   2.919)
 475 K c   1.068   0.001 (  0.061   2.919)
 476 Y d   1.068   0.001 (  0.061   2.919)
 477 Y e   1.068   0.001 (  0.061   2.919)
 478 V f   1.068   0.001 (  0.061   2.919)
 479 R g   1.068   0.001 (  0.061   2.919)
 480 L a   1.068   0.001 (  0.061   2.919)
 481 E b   1.068   0.001 (  0.061   2.919)
 482 D c   1.068   0.001 (  0.061   2.919)
 483 H d   1.068   0.001 (  0.061   2.919)
 484 H e   1.068   0.001 (  0.061   2.919)
 485 Q f   1.068   0.001 (  0.061   2.919)
 486 Q g   1.068   0.001 (  0.061   2.919)
 487 H a   1.066   0.001 (  0.060   2.939)
 488 S b   1.066   0.001 (  0.060   2.939)
 489 L c   1.066   0.001 (  0.060   2.939)
 490 V d   1.066   0.001 (  0.060   2.939)
 491 N e   1.066   0.001 (  0.060   2.939)
 492 K f   1.066   0.001 (  0.060   2.939)
 493 V g   1.066   0.001 (  0.060   2.939)
 494 R a   1.066   0.001 (  0.060   2.939)
 495 H b   1.066   0.001 (  0.060   2.939)
 496 F c   1.006   0.000 (  0.027   3.740)
 497 S c   0.994   0.000 (  0.023   3.887)
 498 Y d   0.994   0.000 (  0.023   3.887)
 499 T e   0.994   0.000 (  0.023   3.887)
 500 C f   0.994   0.000 (  0.023   3.887)
 501 S g   0.994   0.000 (  0.023   3.887)
 502 F a   0.994   0.000 (  0.023   3.887)
 503 W b   0.994   0.000 (  0.023   3.887)
 504 D c   0.994   0.000 (  0.023   3.887)
 505 V d   0.994   0.000 (  0.023   3.887)
 506 Y e   0.994   0.000 (  0.023   3.887)
 507 E c   1.057   0.001 (  0.053   3.072)
 508 K d   1.057   0.001 (  0.053   3.072)
 509 F e   1.112   0.002 (  0.104   2.321)
 510 K f   1.124   0.002 (  0.121   2.159)
 511 Q g   1.124   0.002 (  0.121   2.159)
 512 L a   1.124   0.002 (  0.121   2.159)
 513 S b   1.124   0.002 (  0.121   2.159)
 514 Q c   1.124   0.002 (  0.121   2.159)
 515 A d   1.124   0.002 (  0.121   2.159)
 516 T e   1.124   0.002 (  0.121   2.159)
 517 H f   1.124   0.002 (  0.121   2.159)
 518 L g   1.124   0.002 (  0.121   2.159)
 519 R a   1.124   0.002 (  0.121   2.159)
 520 T b   1.124   0.002 (  0.121   2.159)
 521 F c   1.124   0.002 (  0.121   2.159)
 522 L d   1.124   0.002 (  0.121   2.159)
 523 P e   1.124   0.002 (  0.121   2.159)
 524 I f   1.124   0.002 (  0.121   2.159)
 525 R g   1.124   0.002 (  0.121   2.159)
 526 K a   1.124   0.002 (  0.121   2.159)
 527 D b   1.124   0.002 (  0.121   2.159)
 528 K c   1.124   0.002 (  0.121   2.159)
 529 L d   1.124   0.002 (  0.121   2.159)
 530 Y e   1.124   0.002 (  0.121   2.159)
 531 I f   1.071   0.001 (  0.063   2.876)
 532 R g   1.058   0.001 (  0.054   3.051)
 533 P e   0.977   0.000 (  0.018   4.082)
 534 I f   0.977   0.000 (  0.018   4.082)
 535 S g   0.977   0.000 (  0.018   4.082)
 536 K a   0.977   0.000 (  0.018   4.082)
 537 K b   0.977   0.000 (  0.018   4.082)
 538 F c   0.977   0.000 (  0.018   4.082)
 539 L d   0.977   0.000 (  0.018   4.082)
 540 H e   0.977   0.000 (  0.018   4.082)
 541 E f   0.977   0.000 (  0.018   4.082)
 542 I g   0.977   0.000 (  0.018   4.082)
 543 L a   0.977   0.000 (  0.018   4.082)
 544 P b   0.977   0.000 (  0.018   4.082)
 545 N c   0.977   0.000 (  0.018   4.082)
 546 L d   0.977   0.000 (  0.018   4.082)
 547 T e   0.958   0.000 (  0.013   4.273)
 548 S f   0.958   0.000 (  0.013   4.273)
 549 L e   0.963   0.000 (  0.014   4.222)
 550 R f   1.016   0.000 (  0.030   3.619)
 551 V g   1.018   0.000 (  0.031   3.591)
 552 L a   1.027   0.000 (  0.036   3.469)
 553 S b   1.027   0.000 (  0.036   3.469)
 554 L c   1.027   0.000 (  0.036   3.469)
 555 A d   1.027   0.000 (  0.036   3.469)
 556 G e   1.027   0.000 (  0.036   3.469)
 557 Y f   1.027   0.000 (  0.036   3.469)
 558 S g   1.027   0.000 (  0.036   3.469)
 559 L a   1.027   0.000 (  0.036   3.469)
 560 P f   1.037   0.000 (  0.041   3.343)
 561 Y g   1.134   0.003 (  0.135   2.032)
 562 L a   1.157   0.004 (  0.176   1.749)
 563 P b   1.157   0.004 (  0.176   1.749)
 564 D g   1.194   0.008 (  0.261   1.340)
 565 S a   1.194   0.008 (  0.261   1.340)
 566 I b   1.194   0.008 (  0.261   1.340)
 567 Q c   1.194   0.008 (  0.261   1.340)
 568 R d   1.194   0.008 (  0.261   1.340)
 569 L e   1.194   0.008 (  0.261   1.340)
 570 K f   1.194   0.008 (  0.261   1.340)
 571 Q g   1.194   0.008 (  0.261   1.340)
 572 L a   1.194   0.008 (  0.261   1.340)
 573 R b   1.194   0.008 (  0.261   1.340)
 574 L c   1.194   0.008 (  0.261   1.340)
 575 L d   1.194   0.008 (  0.261   1.340)
 576 N e   1.194   0.008 (  0.261   1.340)
 577 L f   1.194   0.008 (  0.261   1.340)
 578 S g   1.194   0.008 (  0.261   1.340)
 579 L a   1.194   0.008 (  0.261   1.340)
 580 S b   1.194   0.008 (  0.261   1.340)
 581 N c   1.194   0.008 (  0.261   1.340)
 582 I d   1.194   0.008 (  0.261   1.340)
 583 E e   1.194   0.008 (  0.261   1.340)
 584 N f   1.194   0.008 (  0.261   1.340)
 585 L g   1.194   0.008 (  0.259   1.347)
 586 P a   1.194   0.008 (  0.259   1.347)
 587 D b   1.194   0.008 (  0.259   1.347)
 588 W c   1.133   0.003 (  0.133   2.051)
 589 V d   1.133   0.003 (  0.133   2.051)
 590 C e   1.100   0.001 (  0.091   2.474)
 591 T g   1.102   0.002 (  0.093   2.446)
 592 F a   1.126   0.002 (  0.123   2.136)
 593 Y b   1.175   0.006 (  0.214   1.542)
 594 N c   1.206   0.009 (  0.293   1.226)
 595 L d   1.206   0.009 (  0.293   1.226)
 596 Q e   1.206   0.009 (  0.293   1.226)
 597 T f   1.206   0.009 (  0.293   1.226)
 598 L c   1.233   0.015 (  0.384   0.981)
 599 L d   1.233   0.015 (  0.384   0.981)
 600 L e   1.233   0.015 (  0.384   0.981)
 601 S f   1.233   0.015 (  0.384   0.981)
 602 D g   1.233   0.015 (  0.384   0.981)
 603 C a   1.233   0.015 (  0.384   0.981)
 604 K b   1.233   0.015 (  0.384   0.981)
 605 N c   1.233   0.015 (  0.384   0.981)
 606 L d   1.233   0.015 (  0.384   0.981)
 607 E e   1.233   0.015 (  0.384   0.981)
 608 E f   1.233   0.015 (  0.384   0.981)
 609 L g   1.233   0.015 (  0.384   0.981)
 610 P a   1.233   0.015 (  0.384   0.981)
 611 D b   1.233   0.015 (  0.384   0.981)
 612 D c   1.233   0.015 (  0.384   0.981)
 613 M d   1.233   0.015 (  0.384   0.981)
 614 G e   1.233   0.015 (  0.384   0.981)
 615 K f   1.233   0.015 (  0.384   0.981)
 616 L g   1.233   0.015 (  0.384   0.981)
 617 L a   1.233   0.015 (  0.384   0.981)
 618 N b   1.233   0.015 (  0.384   0.981)
 619 L c   1.233   0.015 (  0.384   0.981)
 620 R f   1.190   0.007 (  0.250   1.381)
 621 H g   1.190   0.007 (  0.250   1.381)
 622 L a   1.190   0.007 (  0.250   1.381)
 623 D b   1.190   0.007 (  0.250   1.381)
 624 I c   1.190   0.007 (  0.250   1.381)
 625 T d   1.190   0.007 (  0.250   1.381)
 626 G e   1.190   0.007 (  0.250   1.381)
 627 T f   1.190   0.007 (  0.250   1.381)
 628 P g   1.190   0.007 (  0.250   1.381)
 629 L a   1.190   0.007 (  0.250   1.381)
 630 K b   1.190   0.007 (  0.250   1.381)
 631 K c   1.190   0.007 (  0.250   1.381)
 632 L d   1.190   0.007 (  0.250   1.381)
 633 P e   1.190   0.007 (  0.250   1.381)
 634 A f   1.190   0.007 (  0.250   1.381)
 635 Q g   1.190   0.007 (  0.250   1.381)
 636 I a   1.190   0.007 (  0.250   1.381)
 637 G b   1.190   0.007 (  0.250   1.381)
 638 E c   1.190   0.007 (  0.250   1.381)
 639 L d   1.190   0.007 (  0.250   1.381)
 640 K e   1.190   0.007 (  0.250   1.381)
 641 C f   1.128   0.002 (  0.125   2.115)
 642 L g   1.127   0.002 (  0.124   2.128)
 643 Q a   1.046   0.001 (  0.046   3.220)
 644 V b   1.034   0.000 (  0.039   3.383)
 645 L c   1.034   0.000 (  0.039   3.383)
 646 T d   1.034   0.000 (  0.039   3.383)
 647 T e   1.034   0.000 (  0.039   3.383)
 648 F f   1.007   0.000 (  0.027   3.725)
 649 V g   1.007   0.000 (  0.027   3.725)
 650 C e   0.981   0.000 (  0.019   4.030)
 651 N e   1.036   0.000 (  0.040   3.356)
 652 K f   1.036   0.000 (  0.040   3.356)
 653 D g   1.036   0.000 (  0.040   3.356)
 654 P a   1.036   0.000 (  0.040   3.356)
 655 G b   1.036   0.000 (  0.040   3.356)
 656 L c   1.036   0.000 (  0.040   3.356)
 657 M d   1.036   0.000 (  0.040   3.356)
 658 I e   1.036   0.000 (  0.040   3.356)
 659 E f   1.036   0.000 (  0.040   3.356)
 660 D g   1.036   0.000 (  0.040   3.356)
 661 L a   1.036   0.000 (  0.040   3.356)
 662 G b   1.036   0.000 (  0.040   3.356)
 663 K c   1.036   0.000 (  0.040   3.356)
 664 L d   1.036   0.000 (  0.040   3.356)
 665 C e   1.036   0.000 (  0.040   3.356)
 666 N a   1.044   0.001 (  0.045   3.239)
 667 L b   1.086   0.001 (  0.077   2.665)
 668 R c   1.144   0.003 (  0.151   1.912)
 669 G d   1.151   0.004 (  0.165   1.818)
 670 K e   1.239   0.017 (  0.405   0.936)
 671 L f   1.239   0.017 (  0.405   0.936)
 672 T g   1.239   0.017 (  0.405   0.936)
 673 V a   1.277   0.033 (  0.573   0.663)
 674 S b   1.277   0.033 (  0.573   0.663)
 675 G c   1.277   0.033 (  0.573   0.663)
 676 L d   1.277   0.033 (  0.573   0.663)
 677 E e   1.277   0.033 (  0.573   0.663)
 678 N f   1.277   0.033 (  0.573   0.663)
 679 A g   1.277   0.033 (  0.573   0.663)
 680 G a   1.277   0.033 (  0.573   0.663)
 681 N b   1.277   0.033 (  0.573   0.663)
 682 G c   1.277   0.033 (  0.573   0.663)
 683 L d   1.277   0.033 (  0.573   0.663)
 684 D e   1.277   0.033 (  0.573   0.663)
 685 A f   1.277   0.033 (  0.573   0.663)
 686 T g   1.277   0.033 (  0.573   0.663)
 687 L a   1.277   0.033 (  0.573   0.663)
 688 A b   1.277   0.033 (  0.573   0.663)
 689 N c   1.277   0.033 (  0.573   0.663)
 690 M d   1.277   0.033 (  0.573   0.663)
 691 K e   1.277   0.033 (  0.573   0.663)
 692 G f   1.277   0.033 (  0.573   0.663)
 693 K g   1.277   0.033 (  0.573   0.663)
 694 K a   1.261   0.025 (  0.496   0.771)
 695 H b   1.257   0.023 (  0.478   0.800)
 696 L a   1.253   0.022 (  0.460   0.830)
 697 E b   1.253   0.022 (  0.460   0.830)
 698 D c   1.253   0.022 (  0.460   0.830)
 699 L d   1.253   0.022 (  0.460   0.830)
 700 S e   1.253   0.022 (  0.460   0.830)
 701 L f   1.253   0.022 (  0.460   0.830)
 702 E g   1.253   0.022 (  0.460   0.830)
 703 W a   1.253   0.022 (  0.460   0.830)
 704 N b   1.253   0.022 (  0.460   0.830)
 705 G c   1.253   0.022 (  0.460   0.830)
 706 T d   1.253   0.022 (  0.460   0.830)
 707 A e   1.253   0.022 (  0.460   0.830)
 708 D f   1.253   0.022 (  0.460   0.830)
 709 D g   1.253   0.022 (  0.460   0.830)
 710 S a   1.253   0.022 (  0.460   0.830)
 711 Q b   1.253   0.022 (  0.460   0.830)
 712 E c   1.253   0.022 (  0.460   0.830)
 713 A d   1.253   0.022 (  0.460   0.830)
 714 I a   1.239   0.017 (  0.405   0.936)
 715 D b   1.238   0.017 (  0.403   0.939)
 716 I c   1.211   0.010 (  0.310   1.175)
 717 L d   1.211   0.010 (  0.310   1.175)
 718 Q b   1.196   0.008 (  0.266   1.323)
 719 K c   1.196   0.008 (  0.266   1.323)
 720 L d   1.196   0.008 (  0.266   1.323)
 721 Q e   1.196   0.008 (  0.266   1.323)
 722 P b   1.177   0.006 (  0.217   1.527)
 723 S g   1.174   0.005 (  0.210   1.557)
 724 S a   1.174   0.005 (  0.210   1.557)
 725 R b   1.174   0.005 (  0.210   1.557)
 726 I c   1.174   0.005 (  0.210   1.557)
 727 K d   1.174   0.005 (  0.210   1.557)
 728 R e   1.174   0.005 (  0.210   1.557)
 729 L f   1.174   0.005 (  0.210   1.557)
 730 E g   1.174   0.005 (  0.210   1.557)
 731 V a   1.174   0.005 (  0.210   1.557)
 732 K b   1.172   0.005 (  0.207   1.574)
 733 G c   1.099   0.001 (  0.089   2.496)
 734 Y d   1.086   0.001 (  0.077   2.662)
 735 G e   1.072   0.001 (  0.064   2.863)
 736 G f   1.057   0.001 (  0.053   3.062)
 737 T g   1.057   0.001 (  0.053   3.062)
 738 R a   1.012   0.000 (  0.029   3.668)
 739 F g   0.932   0.000 (  0.009   4.490)
 740 P a   0.932   0.000 (  0.009   4.490)
 741 D b   0.932   0.000 (  0.009   4.490)
 742 W c   0.932   0.000 (  0.009   4.490)
 743 L d   0.932   0.000 (  0.009   4.490)
 744 A e   0.932   0.000 (  0.009   4.490)
 745 D f   0.932   0.000 (  0.009   4.490)
 746 Q g   0.932   0.000 (  0.009   4.490)
 747 S a   0.873   0.000 (  0.004   4.753)
 748 F c   0.845   0.000 (  0.002   4.749)
 749 H d   0.845   0.000 (  0.002   4.749)
 750 N e   0.845   0.000 (  0.002   4.749)
 751 V f   0.845   0.000 (  0.002   4.749)
 752 V g   0.845   0.000 (  0.002   4.749)
 753 S a   0.845   0.000 (  0.002   4.749)
 754 V b   0.845   0.000 (  0.002   4.749)
 755 I c   0.845   0.000 (  0.002   4.749)
 756 L d   0.845   0.000 (  0.002   4.749)
 757 S e   0.845   0.000 (  0.002   4.749)
 758 R f   0.845   0.000 (  0.002   4.749)
 759 C a   0.843   0.000 (  0.002   4.747)
 760 S b   0.843   0.000 (  0.002   4.747)
 761 N c   0.843   0.000 (  0.002   4.747)
 762 C d   0.843   0.000 (  0.002   4.747)
 763 F e   0.843   0.000 (  0.002   4.747)
 764 C f   0.840   0.000 (  0.002   4.741)
 765 L e   0.842   0.000 (  0.002   4.744)
 766 P f   0.856   0.000 (  0.003   4.761)
 767 A g   0.881   0.000 (  0.004   4.739)
 768 L a   0.881   0.000 (  0.004   4.739)
 769 G b   0.881   0.000 (  0.004   4.739)
 770 Q c   0.881   0.000 (  0.004   4.739)
 771 L d   0.881   0.000 (  0.004   4.739)
 772 P e   0.881   0.000 (  0.004   4.739)
 773 S f   0.881   0.000 (  0.004   4.739)
 774 L g   0.881   0.000 (  0.004   4.739)
 775 K a   0.881   0.000 (  0.004   4.739)
 776 F b   0.881   0.000 (  0.004   4.739)
 777 L c   0.881   0.000 (  0.004   4.739)
 778 T d   0.881   0.000 (  0.004   4.739)
 779 I e   0.881   0.000 (  0.004   4.739)
 780 A f   0.881   0.000 (  0.004   4.739)
 781 D g   0.881   0.000 (  0.004   4.739)
 782 M a   0.881   0.000 (  0.004   4.739)
 783 G b   0.881   0.000 (  0.004   4.739)
 784 K c   0.881   0.000 (  0.004   4.739)
 785 I d   0.881   0.000 (  0.004   4.739)
 786 S e   0.881   0.000 (  0.004   4.739)
 787 I f   0.881   0.000 (  0.004   4.739)
 788 I d   0.865   0.000 (  0.003   4.761)
 789 D e   0.865   0.000 (  0.003   4.761)
 790 M f   0.865   0.000 (  0.003   4.761)
 791 Q g   0.865   0.000 (  0.003   4.761)
 792 F b   0.862   0.000 (  0.003   4.762)
 793 Y c   0.898   0.000 (  0.005   4.684)
 794 G d   0.901   0.000 (  0.006   4.672)
 795 N e   0.943   0.000 (  0.011   4.402)
 796 G f   0.943   0.000 (  0.011   4.402)
 797 S g   0.943   0.000 (  0.011   4.402)
 798 V d   0.964   0.000 (  0.015   4.215)
 799 F e   0.964   0.000 (  0.015   4.215)
 800 E f   0.988   0.000 (  0.021   3.959)
 801 I g   0.988   0.000 (  0.021   3.959)
 802 F a   0.988   0.000 (  0.021   3.959)
 803 Q b   0.988   0.000 (  0.021   3.959)
 804 S c   0.988   0.000 (  0.021   3.959)
 805 L d   0.988   0.000 (  0.021   3.959)
 806 Q e   0.988   0.000 (  0.021   3.959)
 807 I f   0.988   0.000 (  0.021   3.959)
 808 L g   0.988   0.000 (  0.021   3.959)
 809 R a   0.988   0.000 (  0.021   3.959)
 810 I b   0.988   0.000 (  0.021   3.959)
 811 E c   0.988   0.000 (  0.021   3.959)
 812 E d   0.988   0.000 (  0.021   3.959)
 813 M e   0.988   0.000 (  0.021   3.959)
 814 P f   0.988   0.000 (  0.021   3.959)
 815 E g   0.988   0.000 (  0.021   3.959)
 816 W a   0.988   0.000 (  0.021   3.959)
 817 K b   0.988   0.000 (  0.021   3.959)
 818 D c   0.988   0.000 (  0.021   3.959)
 819 W d   0.988   0.000 (  0.021   3.959)
 820 L e   0.988   0.000 (  0.021   3.959)
 821 V b   0.947   0.000 (  0.011   4.374)
 822 P c   0.947   0.000 (  0.011   4.374)
 823 R d   0.947   0.000 (  0.011   4.374)
 824 K e   0.947   0.000 (  0.011   4.374)
 825 G f   0.947   0.000 (  0.011   4.374)
 826 V g   0.947   0.000 (  0.011   4.374)
 827 F a   0.947   0.000 (  0.011   4.374)
 828 C b   0.947   0.000 (  0.011   4.374)
 829 G b   0.975   0.000 (  0.017   4.095)
 830 L c   0.975   0.000 (  0.017   4.095)
 831 Q d   1.004   0.000 (  0.026   3.770)
 832 E e   1.067   0.001 (  0.060   2.934)
 833 L f   1.067   0.001 (  0.060   2.934)
 834 H g   1.067   0.001 (  0.060   2.934)
 835 I a   1.067   0.001 (  0.060   2.934)
 836 I b   1.067   0.001 (  0.060   2.934)
 837 N c   1.067   0.001 (  0.060   2.934)
 838 C d   1.067   0.001 (  0.060   2.934)
 839 P e   1.067   0.001 (  0.060   2.934)
 840 K f   1.067   0.001 (  0.060   2.934)
 841 L g   1.067   0.001 (  0.060   2.934)
 842 V a   1.067   0.001 (  0.060   2.934)
 843 G b   1.067   0.001 (  0.060   2.934)
 844 D c   1.067   0.001 (  0.060   2.934)
 845 L d   1.067   0.001 (  0.060   2.934)
 846 P e   1.067   0.001 (  0.060   2.934)
 847 K f   1.067   0.001 (  0.060   2.934)
 848 Q g   1.067   0.001 (  0.060   2.934)
 849 L a   1.067   0.001 (  0.060   2.934)
 850 L b   1.067   0.001 (  0.060   2.934)
 851 S c   1.067   0.001 (  0.060   2.934)
 852 L d   1.067   0.001 (  0.060   2.934)
 853 T e   1.065   0.001 (  0.059   2.956)
 854 E f   1.065   0.001 (  0.059   2.956)
 855 F d   1.055   0.001 (  0.052   3.088)
 856 E e   1.055   0.001 (  0.052   3.088)
 857 L f   1.055   0.001 (  0.052   3.088)
 858 S g   1.011   0.000 (  0.028   3.683)
 859 G a   0.952   0.000 (  0.012   4.322)
 860 C b   0.930   0.000 (  0.009   4.501)
 861 P e   0.916   0.000 (  0.007   4.594)
 862 G f   0.916   0.000 (  0.007   4.594)
 863 L g   0.916   0.000 (  0.007   4.594)
 864 V a   0.916   0.000 (  0.007   4.594)
 865 L d   0.962   0.000 (  0.014   4.236)
 866 S e   0.962   0.000 (  0.014   4.236)
 867 D f   0.962   0.000 (  0.014   4.236)
 868 G g   0.962   0.000 (  0.014   4.236)
 869 R a   0.962   0.000 (  0.014   4.236)
 870 F b   0.962   0.000 (  0.014   4.236)
 871 S c   0.962   0.000 (  0.014   4.236)
 872 M d   0.962   0.000 (  0.014   4.236)
 873 F f   0.964   0.000 (  0.015   4.209)
 874 N g   1.046   0.001 (  0.046   3.215)
 875 S a   1.046   0.001 (  0.046   3.215)
 876 L b   1.046   0.001 (  0.046   3.215)
 877 D c   1.046   0.001 (  0.046   3.215)
 878 L d   1.046   0.001 (  0.046   3.215)
 879 Y e   1.046   0.001 (  0.046   3.215)
 880 S c   1.136   0.003 (  0.139   2.005)
 881 L d   1.164   0.004 (  0.188   1.673)
 882 K e   1.164   0.004 (  0.188   1.673)
 883 K f   1.164   0.004 (  0.188   1.673)
 884 L g   1.164   0.004 (  0.188   1.673)
 885 K a   1.164   0.004 (  0.188   1.673)
 886 I b   1.164   0.004 (  0.188   1.673)
 887 S c   1.164   0.004 (  0.188   1.673)
 888 N d   1.164   0.004 (  0.188   1.673)
 889 M e   1.164   0.004 (  0.188   1.673)
 890 P f   1.164   0.004 (  0.188   1.673)
 891 S g   1.164   0.004 (  0.188   1.673)
 892 L a   1.175   0.005 (  0.212   1.548)
 893 E b   1.175   0.005 (  0.212   1.548)
 894 D c   1.175   0.005 (  0.212   1.548)
 895 F d   1.175   0.005 (  0.212   1.548)
 896 T e   1.175   0.005 (  0.212   1.548)
 897 S f   1.175   0.005 (  0.212   1.548)
 898 E g   1.175   0.005 (  0.212   1.548)
 899 L a   1.175   0.005 (  0.212   1.548)
 900 K b   1.175   0.005 (  0.212   1.548)
 901 K c   1.175   0.005 (  0.212   1.548)
 902 L d   1.175   0.005 (  0.212   1.548)
 903 T e   1.175   0.005 (  0.212   1.548)
 904 G f   1.175   0.005 (  0.212   1.548)
 905 L g   1.175   0.005 (  0.212   1.548)
 906 E a   1.175   0.005 (  0.212   1.548)
 907 D b   1.175   0.005 (  0.212   1.548)
 908 F c   1.175   0.005 (  0.212   1.548)
 909 E d   1.175   0.005 (  0.212   1.548)
 910 I e   1.175   0.005 (  0.212   1.548)
 911 G f   1.175   0.005 (  0.212   1.548)
 912 N g   1.175   0.005 (  0.212   1.548)
 913 C a   1.123   0.002 (  0.119   2.175)
 914 P b   1.088   0.001 (  0.079   2.635)
 915 K c   1.088   0.001 (  0.079   2.635)
 916 L d   1.088   0.001 (  0.079   2.635)
 917 I e   1.058   0.001 (  0.054   3.051)
 918 S f   1.058   0.001 (  0.054   3.051)
 919 I g   0.968   0.000 (  0.015   4.175)
 920 F f   0.929   0.000 (  0.009   4.513)
 921 D g   0.934   0.000 (  0.009   4.476)
 922 M a   0.934   0.000 (  0.009   4.476)
 923 G b   0.934   0.000 (  0.009   4.476)
 924 R c   0.934   0.000 (  0.009   4.476)
 925 L d   0.934   0.000 (  0.009   4.476)
 926 P e   0.934   0.000 (  0.009   4.476)
 927 A b   0.946   0.000 (  0.011   4.383)
 928 S c   0.946   0.000 (  0.011   4.383)
 929 L d   0.946   0.000 (  0.011   4.383)
 930 K e   0.946   0.000 (  0.011   4.383)
 931 T f   0.946   0.000 (  0.011   4.383)
 932 L g   0.946   0.000 (  0.011   4.383)
 933 K a   0.946   0.000 (  0.011   4.383)
 934 I b   0.946   0.000 (  0.011   4.383)
 935 S c   0.946   0.000 (  0.011   4.383)
 936 G d   0.946   0.000 (  0.011   4.383)
 937 C e   0.946   0.000 (  0.011   4.383)
 938 P f   0.946   0.000 (  0.011   4.383)
 939 Q g   0.990   0.000 (  0.021   3.936)
 940 M a   0.990   0.000 (  0.021   3.936)
 941 Q b   0.990   0.000 (  0.021   3.936)
 942 F c   0.990   0.000 (  0.021   3.936)
 943 L d   0.990   0.000 (  0.021   3.936)
 944 P e   0.990   0.000 (  0.021   3.936)
 945 K a   0.999   0.000 (  0.024   3.823)
 946 D b   0.999   0.000 (  0.024   3.823)
 947 C c   0.999   0.000 (  0.024   3.823)
 948 L d   0.999   0.000 (  0.024   3.823)
 949 F e   0.999   0.000 (  0.024   3.823)
 950 G f   0.999   0.000 (  0.024   3.823)
 951 S b   1.081   0.001 (  0.072   2.734)
 952 L c   1.081   0.001 (  0.072   2.734)
 953 E d   1.115   0.002 (  0.109   2.275)
 954 Q e   1.115   0.002 (  0.109   2.275)
 955 L f   1.115   0.002 (  0.109   2.275)
 956 R g   1.115   0.002 (  0.109   2.275)
 957 I a   1.115   0.002 (  0.109   2.275)
 958 R b   1.115   0.002 (  0.109   2.275)
 959 E f   1.153   0.004 (  0.167   1.801)
 960 A g   1.153   0.004 (  0.167   1.801)
 961 G a   1.153   0.004 (  0.167   1.801)
 962 D b   1.153   0.004 (  0.167   1.801)
 963 A c   1.153   0.004 (  0.167   1.801)
 964 P d   1.153   0.004 (  0.167   1.801)
 965 K e   1.153   0.004 (  0.167   1.801)
 966 D f   1.153   0.004 (  0.167   1.801)
 967 L g   1.153   0.004 (  0.167   1.801)
 968 S g   1.167   0.005 (  0.195   1.635)
 969 L a   1.167   0.005 (  0.195   1.635)
 970 G b   1.167   0.005 (  0.195   1.635)
 971 L c   1.167   0.005 (  0.195   1.635)
 972 L d   1.167   0.005 (  0.195   1.635)
 973 Q e   1.167   0.005 (  0.195   1.635)
 974 K f   1.167   0.005 (  0.195   1.635)
 975 I g   1.167   0.005 (  0.195   1.635)
 976 R a   1.167   0.005 (  0.195   1.635)
 977 D b   1.167   0.005 (  0.195   1.635)
 978 L c   1.167   0.005 (  0.195   1.635)
 979 E d   1.167   0.005 (  0.195   1.635)
 980 I e   1.167   0.005 (  0.195   1.635)
 981 Q f   1.167   0.005 (  0.195   1.635)
 982 D g   1.167   0.005 (  0.195   1.635)
 983 C a   1.167   0.005 (  0.195   1.635)
 984 E b   1.167   0.005 (  0.195   1.635)
 985 G c   1.167   0.005 (  0.195   1.635)
 986 L d   1.167   0.005 (  0.195   1.635)
 987 E e   1.167   0.005 (  0.195   1.635)
 988 S f   1.167   0.005 (  0.195   1.635)
 989 L g   1.161   0.004 (  0.182   1.710)
 990 S b   1.156   0.004 (  0.173   1.763)
 991 F c   1.142   0.003 (  0.148   1.936)
 992 E c   1.129   0.002 (  0.128   2.096)
 993 H e   1.071   0.001 (  0.063   2.880)
 994 G e   1.051   0.001 (  0.049   3.148)
 995 S f   1.051   0.001 (  0.049   3.148)
 996 E g   1.051   0.001 (  0.049   3.148)
 997 N a   1.051   0.001 (  0.049   3.148)
 998 L b   1.016   0.000 (  0.031   3.618)
 999 A c   1.016   0.000 (  0.031   3.618)
1000 S d   1.007   0.000 (  0.027   3.728)
1001 L e   1.007   0.000 (  0.027   3.728)
1002 G e   0.965   0.000 (  0.015   4.201)
1003 S f   0.965   0.000 (  0.015   4.201)
1004 I g   0.965   0.000 (  0.015   4.201)
1005 L a   0.965   0.000 (  0.015   4.201)
1006 V b   0.965   0.000 (  0.015   4.201)
1007 W c   0.965   0.000 (  0.015   4.201)
1008 G d   0.965   0.000 (  0.015   4.201)
1009 C e   0.965   0.000 (  0.015   4.201)
1010 G f   0.965   0.000 (  0.015   4.201)
1011 N g   0.965   0.000 (  0.015   4.201)
1012 L a   0.965   0.000 (  0.015   4.201)
1013 R b   0.965   0.000 (  0.015   4.201)
1014 S c   0.965   0.000 (  0.015   4.201)
1015 F d   0.965   0.000 (  0.015   4.201)
1016 L e   0.963   0.000 (  0.015   4.217)
1017 Q f   0.963   0.000 (  0.015   4.217)
1018 E g   0.963   0.000 (  0.015   4.217)
1019 G g   0.954   0.000 (  0.013   4.309)
1020 L a   0.954   0.000 (  0.013   4.309)
1021 P b   0.954   0.000 (  0.013   4.309)
1022 A c   0.954   0.000 (  0.013   4.309)
1023 A d   0.954   0.000 (  0.013   4.309)
1024 N e   0.954   0.000 (  0.013   4.309)
1025 L f   0.954   0.000 (  0.013   4.309)
1026 T g   0.954   0.000 (  0.013   4.309)
1027 W a   0.954   0.000 (  0.013   4.309)
1028 I b   0.954   0.000 (  0.013   4.309)
1029 M c   0.954   0.000 (  0.013   4.309)
1030 L e   0.961   0.000 (  0.014   4.245)
1031 Y f   1.005   0.000 (  0.026   3.754)
1032 G g   1.036   0.000 (  0.040   3.351)
1033 C e   1.084   0.001 (  0.074   2.696)
1034 K f   1.091   0.001 (  0.082   2.595)
1035 K g   1.091   0.001 (  0.082   2.595)
1036 L a   1.091   0.001 (  0.082   2.595)
1037 K b   1.091   0.001 (  0.082   2.595)
1038 L c   1.091   0.001 (  0.082   2.595)
1039 L d   1.091   0.001 (  0.082   2.595)
1040 P e   1.091   0.001 (  0.082   2.595)
1041 K f   1.091   0.001 (  0.082   2.595)
1042 G g   1.091   0.001 (  0.082   2.595)
1043 M a   1.091   0.001 (  0.082   2.595)
1044 R b   1.091   0.001 (  0.082   2.595)
1045 S c   1.091   0.001 (  0.082   2.595)
1046 L d   1.091   0.001 (  0.082   2.595)
1047 L e   1.091   0.001 (  0.082   2.595)
1048 P f   1.091   0.001 (  0.082   2.595)
1049 S g   1.091   0.001 (  0.082   2.595)
1050 L a   1.091   0.001 (  0.082   2.595)
1051 R b   1.091   0.001 (  0.082   2.595)
1052 L c   1.091   0.001 (  0.082   2.595)
1053 L d   1.091   0.001 (  0.082   2.595)
1054 Y e   1.091   0.001 (  0.082   2.595)
1055 M f   1.042   0.001 (  0.044   3.267)
1056 W g   0.936   0.000 (  0.010   4.458)
1057 N d   0.923   0.000 (  0.008   4.549)
1058 C e   0.923   0.000 (  0.008   4.549)
1059 P f   0.923   0.000 (  0.008   4.549)
1060 E g   0.941   0.000 (  0.010   4.423)
1061 I a   0.941   0.000 (  0.010   4.423)
1062 E b   0.941   0.000 (  0.010   4.423)
1063 C b   0.982   0.000 (  0.019   4.026)
1064 F c   1.009   0.000 (  0.028   3.700)
1065 P d   1.017   0.000 (  0.031   3.595)
1066 E e   1.055   0.001 (  0.052   3.089)
1067 E f   1.055   0.001 (  0.052   3.089)
1068 G g   1.055   0.001 (  0.052   3.089)
1069 L a   1.072   0.001 (  0.064   2.858)
1070 P b   1.072   0.001 (  0.064   2.858)
1071 F c   1.072   0.001 (  0.064   2.858)
1072 S d   1.072   0.001 (  0.064   2.858)
1073 L e   1.110   0.002 (  0.102   2.341)
1074 E f   1.180   0.006 (  0.224   1.494)
1075 T g   1.180   0.006 (  0.224   1.494)
1076 L a   1.180   0.006 (  0.224   1.494)
1077 E b   1.180   0.006 (  0.224   1.494)
1078 I c   1.180   0.006 (  0.224   1.494)
1079 Y d   1.180   0.006 (  0.224   1.494)
1080 N e   1.180   0.006 (  0.224   1.494)
1081 C f   1.180   0.006 (  0.224   1.494)
1082 E g   1.180   0.006 (  0.224   1.494)
1083 I a   1.180   0.006 (  0.224   1.494)
1084 L b   1.180   0.006 (  0.224   1.494)
1085 M c   1.180   0.006 (  0.224   1.494)
1086 S d   1.180   0.006 (  0.224   1.494)
1087 R e   1.180   0.006 (  0.224   1.494)
1088 R f   1.180   0.006 (  0.224   1.494)
1089 R g   1.180   0.006 (  0.224   1.494)
1090 E a   1.180   0.006 (  0.224   1.494)
1091 W b   1.180   0.006 (  0.224   1.494)
1092 N c   1.180   0.006 (  0.224   1.494)
1093 L d   1.180   0.006 (  0.224   1.494)
1094 Q e   1.180   0.006 (  0.224   1.494)
1095 T f   1.122   0.002 (  0.118   2.184)
1096 L g   1.104   0.002 (  0.095   2.426)
1097 P c   1.084   0.001 (  0.075   2.693)
1098 S d   1.084   0.001 (  0.075   2.693)
1099 L e   1.084   0.001 (  0.075   2.693)
1100 R f   1.084   0.001 (  0.075   2.693)
1101 E g   1.084   0.001 (  0.075   2.693)
1102 L a   1.084   0.001 (  0.075   2.693)
1103 M d   1.057   0.001 (  0.053   3.069)
1104 I e   1.057   0.001 (  0.053   3.069)
1105 G f   1.057   0.001 (  0.053   3.069)
1106 E g   1.057   0.001 (  0.053   3.069)
1107 T a   1.057   0.001 (  0.053   3.069)
1108 H b   1.057   0.001 (  0.053   3.069)
1109 Q c   1.057   0.001 (  0.053   3.069)
1110 Q d   1.057   0.001 (  0.053   3.069)
1111 L a   0.990   0.000 (  0.021   3.931)
1112 F b   0.990   0.000 (  0.021   3.931)
1113 P f   0.987   0.000 (  0.020   3.966)
1114 E g   0.987   0.000 (  0.020   3.966)
1115 D a   0.987   0.000 (  0.020   3.966)
1116 W b   0.987   0.000 (  0.020   3.966)
1117 L c   0.987   0.000 (  0.020   3.966)
1118 L d   0.987   0.000 (  0.020   3.966)
1119 P e   0.987   0.000 (  0.020   3.966)
1120 S f   0.987   0.000 (  0.020   3.966)
1121 T g   0.987   0.000 (  0.020   3.966)
1122 L a   0.987   0.000 (  0.020   3.966)
1123 R b   0.987   0.000 (  0.020   3.966)
1124 V c   0.987   0.000 (  0.020   3.966)
1125 L d   0.987   0.000 (  0.020   3.966)
1126 R e   0.987   0.000 (  0.020   3.966)
1127 I e   0.987   0.000 (  0.021   3.961)
1128 Y f   1.083   0.001 (  0.074   2.707)
1129 F g   1.131   0.003 (  0.131   2.071)
1130 L a   1.185   0.007 (  0.237   1.434)
1131 H b   1.185   0.007 (  0.237   1.434)
1132 D c   1.185   0.007 (  0.237   1.434)
1133 L d   1.185   0.007 (  0.237   1.434)
1134 E e   1.185   0.007 (  0.237   1.434)
1135 A f   1.185   0.007 (  0.237   1.434)
1136 L g   1.185   0.007 (  0.237   1.434)
1137 S a   1.185   0.007 (  0.237   1.434)
1138 Y b   1.185   0.007 (  0.237   1.434)
1139 K c   1.185   0.007 (  0.237   1.434)
1140 S d   1.185   0.007 (  0.237   1.434)
1141 L e   1.185   0.007 (  0.237   1.434)
1142 K f   1.185   0.007 (  0.237   1.434)
1143 Q g   1.185   0.007 (  0.237   1.434)
1144 L a   1.185   0.007 (  0.237   1.434)
1145 I b   1.185   0.007 (  0.237   1.434)
1146 S c   1.185   0.007 (  0.237   1.434)
1147 L d   1.185   0.007 (  0.237   1.434)
1148 E e   1.185   0.007 (  0.237   1.434)
1149 T f   1.185   0.007 (  0.237   1.434)
1150 L g   1.185   0.007 (  0.237   1.434)
1151 C a   1.133   0.003 (  0.134   2.046)
1152 I b   1.099   0.001 (  0.089   2.497)
1153 W c   1.004   0.000 (  0.026   3.770)
1154 G d   0.982   0.000 (  0.019   4.019)
1155 C e   0.982   0.000 (  0.019   4.019)
1156 H f   0.982   0.000 (  0.019   4.019)
1157 H g   0.982   0.000 (  0.019   4.019)
1158 L a   0.982   0.000 (  0.019   4.019)
1159 Q b   0.982   0.000 (  0.019   4.019)
1160 S c   0.982   0.000 (  0.019   4.019)
1161 L d   0.982   0.000 (  0.019   4.019)
1162 P e   0.967   0.000 (  0.015   4.179)
1163 K f   0.967   0.000 (  0.015   4.179)
1164 E g   0.967   0.000 (  0.015   4.179)
1165 G g   0.887   0.000 (  0.005   4.722)
1166 L a   0.887   0.000 (  0.005   4.722)
1167 P b   0.887   0.000 (  0.005   4.722)
1168 R c   0.887   0.000 (  0.005   4.722)
1169 S d   0.887   0.000 (  0.005   4.722)
1170 L e   0.887   0.000 (  0.005   4.722)
1171 S a   0.897   0.000 (  0.005   4.690)
1172 Q b   0.897   0.000 (  0.005   4.690)
1173 L c   0.897   0.000 (  0.005   4.690)
1174 I d   0.897   0.000 (  0.005   4.690)
1175 V e   0.897   0.000 (  0.005   4.690)
1176 Y f   0.897   0.000 (  0.005   4.690)
1177 D g   0.897   0.000 (  0.005   4.690)
1178 C a   0.897   0.000 (  0.005   4.690)
1179 P b   0.897   0.000 (  0.005   4.690)
1180 L c   0.901   0.000 (  0.006   4.671)
1181 L d   0.904   0.000 (  0.006   4.661)
1182 K e   0.904   0.000 (  0.006   4.661)
1183 P f   0.904   0.000 (  0.006   4.661)
1184 H g   0.904   0.000 (  0.006   4.661)
1185 L a   0.917   0.000 (  0.007   4.589)
1186 D b   0.917   0.000 (  0.007   4.589)
1187 C c   0.917   0.000 (  0.007   4.589)
1188 A d   0.917   0.000 (  0.007   4.589)
1189 T e   0.917   0.000 (  0.007   4.589)
1190 G f   0.917   0.000 (  0.007   4.589)
1191 Q g   0.917   0.000 (  0.007   4.589)
1192 D a   0.917   0.000 (  0.007   4.589)
1193 W b   0.917   0.000 (  0.007   4.589)
1194 R c   0.917   0.000 (  0.007   4.589)
1195 K d   0.917   0.000 (  0.007   4.589)
1196 V e   0.917   0.000 (  0.007   4.589)
1197 A f   0.917   0.000 (  0.007   4.589)
1198 H g   0.917   0.000 (  0.007   4.589)
1199 I a   0.917   0.000 (  0.007   4.589)
1200 S b   0.917   0.000 (  0.007   4.589)
1201 C c   0.917   0.000 (  0.007   4.589)
1202 L d   0.917   0.000 (  0.007   4.589)
1203 M e   0.917   0.000 (  0.007   4.589)
1204 V f   0.917   0.000 (  0.007   4.589)
1205 D g   0.917   0.000 (  0.007   4.589)
1206 G d   0.857   0.000 (  0.003   4.761)
1207 E e   0.857   0.000 (  0.003   4.761)
1208 F c   0.837   0.000 (  0.002   4.733)
1209 V d   0.815   0.000 (  0.001   4.655)
1210 P a   0.783   0.000 (  0.001   4.452)
